         ppx models.pp.ml [opt]
      ocamlc InferModules__TypeAnnotation.{cmi,cmti} [opt]
      ocamlc InferModules__Builtin.{cmi,cmti} [opt]
      ocamlc InferModules__Inhabit.{cmi,cmti} [opt]
      ocamlc InferModules__Harness.{cmi,cmti} [opt]
      ocamlc InferModules__Checkers.{cmi,cmti} [opt]
      ocamlc InferModules__JFrontend.{cmi,cmti} [opt]
      ocamlc InferModules__LowerHil.{cmi,cmti} [opt]
      ocamlc InferModules__JContext.{cmi,cmti} [opt]
      ocamlc InferModules__NullabilityPreanalysis.{cmi,cmti} [opt]
      ocamlc InferModules__State.{cmi,cmti} [opt]
      ocamlc InferModules__TypeState.{cmi,cmti} [opt]
      ocamlc InferModules__JTrans.{cmi,cmti} [opt]
      ocamlc InferModules__JTransExn.{cmi,cmti} [opt]
      ocamlc InferModules__JTransType.{cmi,cmti} [opt]
      ocamlc InferModules__TypeCheck.{cmi,cmti} [opt]
    ocamldep InferModules.depends.ocamldep-output [opt]
      ocamlc InferModules__JavaTrace.{cmi,cmti} [opt]
      ocamlc InferModules__ClangTrace.{cmi,cmti} [opt]
      ocamlc InferModules__AbstractInterpreter.{cmi,cmti} [opt]
      ocamlc InferModules__BuiltinDefn.{cmi,cmti} [opt]
      ocamlc InferModules__SinkTrace.{cmi,cmti} [opt]
      ocamlc InferModules__CContext.{cmi,cmti} [opt]
      ocamlc InferModules__Models.{cmi,cmo,cmt} [opt]
File "eradicate/models.ml", line 54, characters 4-54:
Warning 3: deprecated: InferStdlib.IStd.String.set
[since 2017-10] Use [Bytes.set] instead
      ocamlc InferModules__BufferOverrunSemantics.{cmi,cmo,cmt} [opt]
      ocamlc InferModules__ProcCfgTests.{cmi,cmo,cmt} [opt]
      ocamlc InferModules__QuandarySummary.{cmi,cmti} [opt]
      ocamlc InferModules__SchedulerTests.{cmi,cmo,cmt} [opt]
      ocamlc InferModules__TraceTests.{cmi,cmo,cmt} [opt]
      ocamlc InferModules__AddressTaken.{cmi,cmo,cmt} [opt]
      ocamlc InferModules__SiofTrace.{cmi,cmti} [opt]
      ocamlc InferModules__AnalyzerTester.{cmi,cmo,cmt} [opt]
      ocamlc InferModules__CTrans_utils.{cmi,cmti} [opt]
      ocamlc InferModules__RacerDDomain.{cmi,cmti} [opt]
      ocamlc InferModules__CVar_decl.{cmi,cmti} [opt]
      ocamlc InferModules__CModule_type.{cmi,cmo,cmt} [opt]
      ocamlc InferModules__SiofDomain.{cmi,cmti} [opt]
      ocamlc InferModules__TaintSpec.{cmi,cmo,cmt} [opt]
      ocamlc InferModules__CFrontend_decl.{cmi,cmti} [opt]
      ocamlc InferModules__AddressTakenTests.{cmi,cmo,cmt} [opt]
      ocamlc InferModules__CLocation.{cmi,cmti} [opt]
      ocamlc InferModules__CMethod_trans.{cmi,cmti} [opt]
      ocamlc InferModules__AbstractInterpreterTests.{cmi,cmo,cmt} [opt]
      ocamlc InferModules__CTrans.{cmi,cmti} [opt]
      ocamlc InferModules__Specs.{cmi,cmti} [opt]
      ocamlc InferModules__Dom.{cmi,cmti} [opt]
      ocamlc InferModules__Callbacks.{cmi,cmti} [opt]
      ocamlc InferModules__Dotty.{cmi,cmti} [opt]
      ocamlc InferModules__Ondemand.{cmi,cmti} [opt]
      ocamlc InferModules__Reporting.{cmi,cmti} [opt]
      ocamlc InferModules__Summary.{cmi,cmti} [opt]
      ocamlc InferModules__SymExec.{cmi,cmti} [opt]
      ocamlc InferModules__AnnotationReachability.{cmi,cmti} [opt]
      ocamlc InferModules__Tabulation.{cmi,cmti} [opt]
      ocamlc InferModules__BufferOverrunChecker.{cmi,cmti} [opt]
      ocamlc InferModules__ClangTaintAnalysis.{cmi,cmti} [opt]
      ocamlc InferModules__FragmentRetainsViewChecker.{cmi,cmti} [opt]
      ocamlc InferModules__ImmutableChecker.{cmi,cmti} [opt]
      ocamlc InferModules__Dataflow.{cmi,cmti} [opt]
      ocamlc InferModules__Interproc.{cmi,cmti} [opt]
      ocamlc InferModules__NullabilityCheck.{cmi,cmti} [opt]
      ocamlc InferModules__JavaTaintAnalysis.{cmi,cmti} [opt]
      ocamlc InferModules__NullabilitySuggest.{cmi,cmti} [opt]
      ocamlc InferModules__RacerD.{cmi,cmti} [opt]
      ocamlc InferModules__PrintfArgs.{cmi,cmti} [opt]
      ocamlc InferModules__RepeatedCallsChecker.{cmi,cmti} [opt]
      ocamlc InferModules__Siof.{cmi,cmti} [opt]
      ocamlc InferModules__SimpleChecker.{cmi,cmti} [opt]
      ocamlc InferModules__EradicateChecks.{cmi,cmo,cmt} [opt]
      ocamlc InferModules__Eradicate.{cmi,cmti} [opt]
      ocamlc InferModules__ResourceLeaks.{cmi,cmo,cmt} [opt]
      ocamlc InferModules__BoundedCallTree.{cmi,cmo,cmt} [opt]
      ocamlc InferModules__Liveness.{cmi,cmo,cmt} [opt]
      ocamlc InferModules__Uninit.{cmi,cmo,cmt} [opt]
      ocamlc InferModules__BoundedCallTreeTests.{cmi,cmo,cmt} [opt]
      ocamlc InferModules__LivenessTests.{cmi,cmo,cmt} [opt]
      ocamlc InferModules__TaintAnalysis.{cmi,cmo,cmt} [opt]
      ocamlc InferModules__TaintTests.{cmi,cmo,cmt} [opt]
      ocamlc infer.{cmi,cmti} [opt]
    ocamlopt atd/InferGenerated__Clang_ast_j.{cmx,o} [opt]
    ocamlopt InferModules__CTLExceptions.{cmx,o} [opt]
    ocamlopt atd/InferGenerated.{a,cmxa} [opt]
    ocamlopt InferModules__BUILTINS.{cmx,o} [opt]
    ocamlopt InferModules__CiOSVersionNumbers.{cmx,o} [opt]
    ocamlopt InferModules__Die.{cmx,o} [opt]
    ocamlopt InferModules__FbThreadSafety.{cmx,o} [opt]
    ocamlopt InferModules__FbTraceCalls.{cmx,o} [opt]
    ocamlopt InferModules__JoinState.{cmx,o} [opt]
    ocamlopt InferModules__Escape.{cmx,o} [opt]
    ocamlopt InferModules__IssueType.{cmx,o} [opt]
    ocamlopt InferModules__Mangled.{cmx,o} [opt]
    ocamlopt InferModules__Differential.{cmx,o} [opt]
    ocamlopt InferModules__PythonMain.{cmx,o} [opt]
    ocamlopt InferModules__PrettyPrintable.{cmx,o} [opt]
    ocamlopt InferModules__ObjcProperty_decl.{cmx,o} [opt]
    ocamlopt InferModules__ModelTables.{cmx,o} [opt]
    ocamlopt InferModules__QuandaryConfig.{cmx,o} [opt]
    ocamlopt InferModules__StatisticsToolbox.{cmx,o} [opt]
    ocamlopt InferModules__Version.{cmx,o} [opt]
    ocamlopt InferModules__JConfig.{cmx,o} [opt]
    ocamlopt InferModules__CiOSVersionNumbersTests.{cmx,o} [opt]
    ocamlopt InferModules__AbstractDomain.{cmx,o} [opt]
    ocamlopt InferModules__Utils.{cmx,o} [opt]
File "base/Utils.ml", line 159, characters 25-38:
Warning 3: deprecated: module InferStdlib.IStd.Digest
[since 2017-05] Use Md5 instead.
File "base/Utils.ml", line 159, characters 40-53:
Warning 3: deprecated: module InferStdlib.IStd.Digest
[since 2017-05] Use Md5 instead.
File "base/Utils.ml", line 159, characters 40-53:
Warning 3: deprecated: InferStdlib.IStd.Digest.string
[since 2017-07] use [Md5.digest_string].
    ocamlopt InferModules__CommandLineOption.{cmx,o} [opt]
    ocamlopt InferModules__CommandDoc.{cmx,o} [opt]
    ocamlopt InferModules__Pp.{cmx,o} [opt]
    ocamlopt InferModules__Latex.{cmx,o} [opt]
    ocamlopt InferModules__DifferentialTestsUtils.{cmx,o} [opt]
    ocamlopt InferModules__DifferentialTests.{cmx,o} [opt]
    ocamlopt InferModules__Config.{cmx,o} [opt]
File "base/Config.ml", line 1889, characters 15-28:
Warning 3: deprecated: module InferStdlib.IStd.Digest
[since 2017-05] Use Md5 instead.
File "base/Config.ml", line 1889, characters 30-41:
Warning 3: deprecated: module InferStdlib.IStd.Digest
[since 2017-05] Use Md5 instead.
File "base/Config.ml", line 1889, characters 30-41:
Warning 3: deprecated: InferStdlib.IStd.Digest.file
[since 2017-07] blocking functions should be avoided. Use [file_blocking] if you really want this.
    ocamlopt InferModules__MarkupFormatter.{cmx,o} [opt]
    ocamlopt InferModules__ProcessPool.{cmx,o} [opt]
    ocamlopt InferModules__SymOp.{cmx,o} [opt]
    ocamlopt InferModules__Epilogues.{cmx,o} [opt]
    ocamlopt InferModules__Logging.{cmx,o} [opt]
    ocamlopt InferModules__ALVar.{cmx,o} [opt]
    ocamlopt InferModules__IntLit.{cmx,o} [opt]
    ocamlopt InferModules__Process.{cmx,o} [opt]
    ocamlopt InferModules__ResourceLeakDomain.{cmx,o} [opt]
    ocamlopt InferModules__RacerDConfig.{cmx,o} [opt]
    ocamlopt InferModules__QualifiedCppName.{cmx,o} [opt]
    ocamlopt InferModules__Unop.{cmx,o} [opt]
    ocamlopt InferModules__SqliteUtils.{cmx,o} [opt]
    ocamlopt InferModules__ClangPointers.{cmx,o} [opt]
    ocamlopt InferModules__ClangQuotes.{cmx,o} [opt]
    ocamlopt InferModules__Binop.{cmx,o} [opt]
    ocamlopt InferModules__Maven.{cmx,o} [opt]
    ocamlopt InferModules__SourceFile.{cmx,o} [opt]
    ocamlopt InferModules__Ident.{cmx,o} [opt]
    ocamlopt InferModules__Annot.{cmx,o} [opt]
    ocamlopt InferModules__PerfStats.{cmx,o} [opt]
    ocamlopt InferModules__QualifiedCppNameTests.{cmx,o} [opt]
    ocamlopt InferModules__Location.{cmx,o} [opt]
    ocamlopt InferModules__Buck.{cmx,o} [opt]
    ocamlopt InferModules__ResultsDir.{cmx,o} [opt]
    ocamlopt InferModules__CompilationDatabase.{cmx,o} [opt]
    ocamlopt InferModules__JAnnotation.{cmx,o} [opt]
    ocamlopt InferModules__BufferOverrunTrace.{cmx,o} [opt]
    ocamlopt InferModules__DB.{cmx,o} [opt] (exit 2)
(cd _build/opt && /home/weimer/.opam/4.05.0/bin/ocamlopt.opt -g -short-paths -safe-string -principal -strict-formats -strict-sequence -bin-annot -w +3+5+6+8+10+11+12+18+19+20+21+23+26+29+27+32+33+34+35+37+38+39+50+52+57-4-9-40-41-42-45-48 -open InferStdlib -open IStd -open InferGenerated -O3 -I /home/weimer/.opam/4.05.0/lib/ANSITerminal -I /home/weimer/.opam/4.05.0/lib/atd -I /home/weimer/.opam/4.05.0/lib/atdgen -I /home/weimer/.opam/4.05.0/lib/base -I /home/weimer/.opam/4.05.0/lib/base/caml -I /home/weimer/.opam/4.05.0/lib/base/md5 -I /home/weimer/.opam/4.05.0/lib/base/shadow_stdlib -I /home/weimer/.opam/4.05.0/lib/bin_prot -I /home/weimer/.opam/4.05.0/lib/bin_prot/shape -I /home/weimer/.opam/4.05.0/lib/biniou -I /home/weimer/.opam/4.05.0/lib/bytes -I /home/weimer/.opam/4.05.0/lib/camlzip/../zip -I /home/weimer/.opam/4.05.0/lib/cmdliner -I /home/weimer/.opam/4.05.0/lib/core -I /home/weimer/.opam/4.05.0/lib/core_kernel -I /home/weimer/.opam/4.05.0/lib/core_kernel/base_for_tests -I /home/weimer/.opam/4.05.0/lib/easy-format -I /home/weimer/.opam/4.05.0/lib/extlib -I /home/weimer/.opam/4.05.0/lib/fieldslib -I /home/weimer/.opam/4.05.0/lib/jane-street-headers -I /home/weimer/.opam/4.05.0/lib/javalib -I /home/weimer/.opam/4.05.0/lib/mtime -I /home/weimer/.opam/4.05.0/lib/mtime/os -I /home/weimer/.opam/4.05.0/lib/oUnit -I /home/weimer/.opam/4.05.0/lib/ocaml -I /home/weimer/.opam/4.05.0/lib/ocaml/threads -I /home/weimer/.opam/4.05.0/lib/parmap -I /home/weimer/.opam/4.05.0/lib/ppx_assert/runtime-lib -I /home/weimer/.opam/4.05.0/lib/ppx_bench/runtime-lib -I /home/weimer/.opam/4.05.0/lib/ppx_compare/runtime-lib -I /home/weimer/.opam/4.05.0/lib/ppx_expect/collector -I /home/weimer/.opam/4.05.0/lib/ppx_expect/common -I /home/weimer/.opam/4.05.0/lib/ppx_expect/config -I /home/weimer/.opam/4.05.0/lib/ppx_hash/runtime-lib -I /home/weimer/.opam/4.05.0/lib/ppx_inline_test/config -I /home/weimer/.opam/4.05.0/lib/ppx_inline_test/runtime-lib -I /home/weimer/.opam/4.05.0/lib/ptrees -I /home/weimer/.opam/4.05.0/lib/result -I /home/weimer/.opam/4.05.0/lib/sawja -I /home/weimer/.opam/4.05.0/lib/sexplib -I /home/weimer/.opam/4.05.0/lib/sexplib/0 -I /home/weimer/.opam/4.05.0/lib/sexplib/unix -I /home/weimer/.opam/4.05.0/lib/spawn -I /home/weimer/.opam/4.05.0/lib/sqlite3 -I /home/weimer/.opam/4.05.0/lib/stdio -I /home/weimer/.opam/4.05.0/lib/typerep -I /home/weimer/.opam/4.05.0/lib/variantslib -I /home/weimer/.opam/4.05.0/lib/xmlm -I /home/weimer/.opam/4.05.0/lib/yojson -I /home/weimer/.opam/4.05.0/lib/zip -I atd -I istd -no-alias-deps -I . -open InferModules -o InferModules__DB.cmx -c -impl DB.pp.ml)
File "base/DB.ml", line 159, characters 29-32:
Error: This expression has type filename
       but an expression was expected of type Base.bytes
make[1]: *** [_build/opt/infer.exe] Error 1
