         ppx cFrontend_decl.pp.ml [opt]
    ocamldep InferModules.depends.ocamldep-output [opt]
    ocamlopt InferModules__CFrontend_errorsTests.{cmx,o} [opt]
    ocamlopt InferModules__Tableaux.{cmx,o} [opt]
    ocamlopt InferModules__CFrontend_decl.{cmx,o} [opt]
    ocamlopt InferModules__JTrans.{cmx,o} [opt]
    ocamlopt InferModules__ClangTests.{cmx,o} [opt]
    ocamlopt InferModules__Abs.{cmx,o} [opt]
    ocamlopt InferModules__InferPrint.{cmx,o} [opt]
File "backend/InferPrint.ml", line 748, characters 18-28:
Warning 3: deprecated: InferStdlib.IStd.List.dedup
[since 2017-04] Use [dedup_and_sort] instead
    ocamlopt InferModules__JFrontend.{cmx,o} [opt]
    ocamlopt InferModules__CTrans.{cmx,o} [opt]
    ocamlopt InferModules__CFrontend_checkers_main.{cmx,o} [opt]
File "clang/cFrontend_checkers_main.ml", line 353, characters 2-12:
Warning 3: deprecated: InferStdlib.IStd.List.dedup
[since 2017-04] Use [dedup_and_sort] instead
    ocamlopt InferModules__CFrontend.{cmx,o} [opt]
    ocamlopt InferModules__Ondemand.{cmx,o} [opt]
    ocamlopt InferModules__Summary.{cmx,o} [opt]
    ocamlopt InferModules__Callbacks.{cmx,o} [opt]
    ocamlopt InferModules__Dataflow.{cmx,o} [opt]
    ocamlopt InferModules__Capture.{cmx,o} [opt]
    ocamlopt InferModules__SimpleChecker.{cmx,o} [opt]
    ocamlopt InferModules__TypeCheck.{cmx,o} [opt]
    ocamlopt InferModules__NullabilitySuggest.{cmx,o} [opt]
    ocamlopt InferModules__NullabilityCheck.{cmx,o} [opt]
    ocamlopt InferModules__FragmentRetainsViewChecker.{cmx,o} [opt]
    ocamlopt InferModules__PrintfArgs.{cmx,o} [opt]
    ocamlopt InferModules__ResourceLeaks.{cmx,o} [opt]
    ocamlopt InferModules__Liveness.{cmx,o} [opt]
    ocamlopt InferModules__SymExec.{cmx,o} [opt]
    ocamlopt InferModules__Siof.{cmx,o} [opt]
    ocamlopt InferModules__BoundedCallTree.{cmx,o} [opt]
    ocamlopt InferModules__Uninit.{cmx,o} [opt]
    ocamlopt InferModules__ConstantPropagation.{cmx,o} [opt]
    ocamlopt InferModules__AnnotationReachability.{cmx,o} [opt]
    ocamlopt InferModules__ClangWrapper.{cmx,o} [opt]
    ocamlopt InferModules__Harness.{cmx,o} [opt]
    ocamlopt InferModules__LivenessTests.{cmx,o} [opt]
    ocamlopt InferModules__Eradicate.{cmx,o} [opt]
    ocamlopt InferModules__Preanal.{cmx,o} [opt]
    ocamlopt InferModules__BoundedCallTreeTests.{cmx,o} [opt]
    ocamlopt InferModules__Clang.{cmx,o} [opt]
    ocamlopt InferModules__ImmutableChecker.{cmx,o} [opt]
    ocamlopt InferModules__JMain.{cmx,o} [opt]
    ocamlopt InferModules__RepeatedCallsChecker.{cmx,o} [opt]
    ocamlopt InferModules__BuiltinDefn.{cmx,o} [opt]
    ocamlopt InferModules__BufferOverrunChecker.{cmx,o} [opt]
    ocamlopt InferModules__TaintAnalysis.{cmx,o} [opt]
    ocamlopt InferModules__Javac.{cmx,o} [opt]
    ocamlopt InferModules__JavaTaintAnalysis.{cmx,o} [opt]
    ocamlopt InferModules__Interproc.{cmx,o} [opt]
    ocamlopt InferModules__RacerD.{cmx,o} [opt]
File "concurrency/RacerD.ml", line 1799, characters 6-20:
Warning 3: deprecated: InferStdlib.IStd.String.Map.add
[since 2017-11] Use [set] instead
    ocamlopt InferModules__TaintTests.{cmx,o} [opt]
    ocamlopt InferModules__ClangTaintAnalysis.{cmx,o} [opt]
    ocamlopt InferModules__RegisterCheckers.{cmx,o} [opt]
    ocamlopt InferModules__InferAnalyze.{cmx,o} [opt]
    ocamlopt InferModules__Driver.{cmx,o} [opt]
    ocamlopt InferModules__Diff.{cmx,o} [opt]
    ocamlopt infer.{cmx,o} [opt]
    ocamlopt InferModules.{a,cmxa} [opt]
    ocamlopt infer.exe [opt]
