Capturing in make/cc mode...
Found 7 source files to analyze in /home/weimer/src/infer-linux64-v0.13.0/infer/models/c/out
Starting analysis...

legend:
  "F" analyzing a file
  "." analyzing a procedure

FF....F.F...F....F.F....................................................................................................................................................................................................................................................................................................................................................................................................................................................
  No issues found  
Capturing in make/cc mode...
Found 12 source files to analyze in /home/weimer/src/infer-linux64-v0.13.0/infer/models/cpp/out
Starting analysis...

legend:
  "F" analyzing a file
  "." analyzing a procedure

F.F.F...FF.....F...F.......F............F.....F....F.....................F.......................................................................................................................................................................................................................................................................................................................................................................................................................................................................................................................
  No issues found  
Capturing in javac mode...
Found 121 source files to analyze in /home/weimer/src/infer-linux64-v0.13.0/infer/models/java/models/infer
Starting analysis...

legend:
  "F" analyzing a file
  "." analyzing a procedure

F....FF..F..F....F..F..F.F.F..F......F.....F..F..............F....F...............................FF....F.......F....F............F.......FF.F.......F..........F.....F.......................................................F.F.F.........F.....F.F..F........F...F......FF.....F...F.....F............F.....F...............F.........F.F........FF..F............F..F...FF..F..F.....F.....F......F.................F...........F.........F.................F............F...F......F..F.....F.............F....F..........................F.FF.......F...F...F..........F.....F.....F....F.....F..........F.......F.F......F...........F...........F.F....F....F..F.......F..........F.F......F.........F.....FF...FF.F..F......F.F.........F.F..F...........................F....F...........F......F....................F..F................F................F............FF............F.......F.F........F..............................................................
  No issues found  
