    ocamlopt .ppx/ppx_compare+ppx_sexp_conv/ppx.exe [opt]
         ppx inferunit.pp.ml [opt]
         ppx infer.pp.ml [opt]
    ocamldep infer.depends.ocamldep-output [opt]
         ppx ALVar.pp.ml [opt]
         ppx AbstractInterpreter.pp.ml [opt]
         ppx AbstractDomain.pp.ml [opt]
         ppx Annot.pp.ml [opt]
         ppx AnnotReachabilityDomain.pp.ml [opt]
         ppx AnnotatedSignature.pp.ml [opt]
         ppx BUILTINS.pp.ml [opt]
         ppx Binop.pp.ml [opt]
         ppx Attributes.pp.ml [opt]
         ppx Attribute.pp.ml [opt]
         ppx BoundedCallTree.pp.ml [opt]
         ppx BoundedCallTreeTests.pp.ml [opt]
         ppx Buck.pp.ml [opt]
         ppx CFrontend_errorsTests.pp.ml [opt]
         ppx BuiltinDecl.pp.ml [opt]
         ppx CProcname.pp.ml [opt]
         ppx BuiltinDefn.pp.ml [opt]
         ppx CLintersContext.pp.ml [opt]
         ppx CTLParserHelper.pp.ml [opt]
         ppx CTLExceptions.pp.ml [opt]
         ppx CType_decl.pp.ml [opt]
         ppx CType.pp.ml [opt]
         ppx CallFlags.pp.ml [opt]
         ppx CallSite.pp.ml [opt]
         ppx Capture.pp.ml [opt]
         ppx Checkers.pp.ml [opt]
         ppx Cg.pp.ml [opt]
         ppx CaptureCompilationDatabase.pp.ml [opt]
         ppx CiOSVersionNumbers.pp.ml [opt]
         ppx CiOSVersionNumbersTests.pp.ml [opt]
         ppx Cfg.pp.ml [opt]
         ppx ClangPointers.pp.ml [opt]
         ppx ClangCommand.pp.ml [opt]
         ppx Clang.pp.ml [opt]
         ppx ClangTests.pp.ml [opt]
         ppx ClangTaintAnalysis.pp.ml [opt]
         ppx ClangQuotes.pp.ml [opt]
         ppx ClangTrace.pp.ml [opt]
         ppx ClangWrapper.pp.ml [opt]
         ppx CommandDoc.pp.ml [opt]
         ppx CommandLineOption.pp.ml [opt]
         ppx CompilationDatabase.pp.ml [opt]
         ppx Const.pp.ml [opt]
         ppx DB.pp.ml [opt]
         ppx ComponentKit.pp.ml [opt]
         ppx DecompiledExp.pp.ml [opt]
         ppx Die.pp.ml [opt]
         ppx Differential.pp.ml [opt]
         ppx DifferentialFilters.pp.ml [opt]
         ppx Diff.pp.ml [opt]
         ppx DifferentialFiltersTests.pp.ml [opt]
         ppx DifferentialTests.pp.ml [opt]
         ppx DifferentialTestsUtils.pp.ml [opt]
         ppx Config.pp.ml [opt]
         ppx Epilogues.pp.ml [opt]
         ppx Driver.pp.ml [opt]
         ppx Errlog.pp.ml [opt]
         ppx FbThreadSafety.pp.ml [opt]
         ppx Exp.pp.ml [opt]
         ppx Escape.pp.ml [opt]
         ppx FormalMap.pp.ml [opt]
         ppx HilExp.pp.ml [opt]
         ppx Exceptions.pp.ml [opt]
         ppx IdAccessPathMapDomain.pp.ml [opt]
         ppx HilInstr.pp.ml [opt]
         ppx Ident.pp.ml [opt]
         ppx InferAnalyze.pp.ml [opt]
         ppx IntLit.pp.ml [opt]
         ppx IssueType.pp.ml [opt]
         ppx Io_infer.pp.ml [opt]
         ppx JavaTaintAnalysis.pp.ml [opt]
         ppx InferPrint.pp.ml [opt]
         ppx Javac.pp.ml [opt]
         ppx JavaTrace.pp.ml [opt]
         ppx Latex.pp.ml [opt]
         ppx LintIssues.pp.ml [opt]
         ppx Location.pp.ml [opt]
         ppx LowerHil.pp.ml [opt]
         ppx Logging.pp.ml [opt]
         ppx Localise.pp.ml [opt]
         ppx Mangled.pp.ml [opt]
         ppx MarkupFormatter.pp.ml [opt]
         ppx Maven.pp.ml [opt]
         ppx MergeResults.pp.ml [opt]
         ppx Mleak_buckets.pp.ml [opt]
         ppx Multilinks.pp.ml [opt]
         ppx NodePrinter.pp.ml [opt]
         ppx NullabilityCheck.pp.ml [opt]
         ppx NullabilityPreanalysis.pp.ml [opt]
         ppx NullabilitySuggest.pp.ml [opt]
         ppx Objc_models.pp.ml [opt]
         ppx OndemandCapture.pp.ml [opt]
         ppx Passthrough.pp.ml [opt]
         ppx PerfStats.pp.ml [opt]
         ppx Pp.pp.ml [opt]
         ppx PatternMatch.pp.ml [opt]
         ppx PredSymb.pp.ml [opt]
         ppx PrettyPrintable.pp.ml [opt]
         ppx ProcAttributes.pp.ml [opt]
         ppx ProcCfg.pp.ml [opt]
         ppx ProcData.pp.ml [opt]
         ppx Process.pp.ml [opt]
         ppx ProcessPool.pp.ml [opt]
         ppx Procdesc.pp.ml [opt]
         ppx PropUtil.pp.ml [opt]
         ppx QualifiedCppName.pp.ml [opt]
         ppx Pvar.pp.ml [opt]
         ppx QualifiedCppNameTests.pp.ml [opt]
         ppx QuandaryConfig.pp.ml [opt]
         ppx QuandarySummary.pp.ml [opt]
         ppx RacerDConfig.pp.ml [opt]
         ppx RacerDDomain.pp.ml [opt]
         ppx ReportDiff.pp.ml [opt]
         ppx ResourceLeakDomain.pp.ml [opt]
         ppx RacerD.pp.ml [opt]
         ppx ResourceLeaks.pp.ml [opt]
         ppx ResultsDir.pp.ml [opt]
         ppx Scheduler.pp.ml [opt]
         ppx Serialization.pp.ml [opt]
         ppx SimpleChecker.pp.ml [opt]
         ppx Sink.pp.ml [opt]
         ppx SinkTrace.pp.ml [opt]
         ppx SiofDomain.pp.ml [opt]
         ppx Siof.pp.ml [opt]
         ppx SiofTrace.pp.ml [opt]
         ppx Source.pp.ml [opt]
         ppx SourceFile.pp.ml [opt]
         ppx SqliteUtils.pp.ml [opt]
         ppx Stacktrace.pp.ml [opt]
         ppx StatisticsToolbox.pp.ml [opt]
         ppx Sil.pp.ml [opt]
         ppx StatsAggregator.pp.ml [opt]
         ppx Summary.pp.ml [opt]
         ppx SymOp.pp.ml [opt]
         ppx Subtype.pp.ml [opt]
         ppx TaintSpec.pp.ml [opt]
         ppx TaintTests.pp.ml [opt]
         ppx Tasks.pp.ml [opt]
         ppx TaintAnalysis.pp.ml [opt]
         ppx Tenv.pp.ml [opt]
         ppx TraceElem.pp.ml [opt]
         ppx TraceTests.pp.ml [opt]
         ppx Trace.pp.ml [opt]
         ppx TransferFunctions.pp.ml [opt]
         ppx Unop.pp.ml [opt]
         ppx Utils.pp.ml [opt]
         ppx Var.pp.ml [opt]
         ppx Version.pp.ml [opt]
         ppx ZipLib.pp.ml [opt]
         ppx Typ.pp.ml [opt]
         ppx absLoc.pp.ml [opt]
         ppx abstractInterpreterTests.pp.ml [opt]
         ppx absarray.pp.ml [opt]
         ppx abs.pp.ml [opt]
         ppx accessPathDomains.pp.ml [opt]
         ppx accessPath.pp.ml [opt]
         ppx accessPathTestUtils.pp.ml [opt]
         ppx accessPathTests.pp.ml [opt]
         ppx accessTree.pp.ml [opt]
         ppx accessTreeTests.pp.ml [opt]
         ppx addressTaken.pp.ml [opt]
         ppx addressTakenTests.pp.ml [opt]
         ppx androidFramework.pp.ml [opt]
         ppx analyzerTester.pp.ml [opt]
         ppx annotationReachability.pp.ml [opt]
         ppx annotations.pp.ml [opt]
         ppx arrayBlk.pp.ml [opt]
         ppx buckets.pp.ml [opt]
         ppx ast_expressions.pp.ml [opt]
         ppx bufferOverrunChecker.pp.ml [opt]
         ppx bufferOverrunProofObligations.pp.ml [opt]
         ppx bufferOverrunDomain.pp.ml [opt]
         ppx bufferOverrunSemantics.pp.ml [opt]
         ppx bufferOverrunTrace.pp.ml [opt]
         ppx builtin.pp.ml [opt]
         ppx cArithmetic_trans.pp.ml [opt]
         ppx cAst_utils.pp.ml [opt]
         ppx cContext.pp.ml [opt]
         ppx cEnum_decl.pp.ml [opt]
         ppx cField_decl.pp.ml [opt]
         ppx cFrontend.pp.ml [opt]
         ppx cFrontend_checkers.pp.ml [opt]
         ppx cFrontend_checkers_main.pp.ml [opt]
         ppx cFrontend_config.pp.ml [opt]
         ppx cFrontend_decl.pp.ml [opt]
         ppx cFrontend_errors.pp.ml [opt]
         ppx cGeneral_utils.pp.ml [opt]
         ppx cIssue.pp.ml [opt]
         ppx cLocation.pp.ml [opt]
         ppx cMethod_signature.pp.ml [opt]
         ppx cModule_type.pp.ml [opt]
         ppx cMethod_trans.pp.ml [opt]
         ppx cPredicates.pp.ml [opt]
         ppx cTrans_models.pp.ml [opt]
         ppx cTL.pp.ml [opt]
         ppx cType_to_sil_type.pp.ml [opt]
         ppx cTrans_utils.pp.ml [opt]
         ppx cVar_decl.pp.ml [opt]
         ppx callbacks.pp.ml [opt]
         ppx clang_ast_extend.pp.ml [opt]
         ppx cluster.pp.ml [opt]
         ppx clusterMakefile.pp.ml [opt]
         ppx constantPropagation.pp.ml [opt]
         ppx crashcontext.pp.ml [opt]
         ppx cTrans.pp.ml [opt]
         ppx ctl_parser_types.pp.ml [opt]
         ppx dataflow.pp.ml [opt]
      menhir ctl_parser.{ml,mli} [opt]
         ppx eradicate.pp.ml [opt]
         ppx dotty.pp.ml [opt]
    ocamllex ctl_lexer.ml [opt]
         ppx eradicateChecks.pp.ml [opt]
         ppx fbTraceCalls.pp.ml [opt]
         ppx exe_env.pp.ml [opt]
         ppx dom.pp.ml [opt]
         ppx fragmentRetainsViewChecker.pp.ml [opt]
         ppx harness.pp.ml [opt]
         ppx idenv.pp.ml [opt]
         ppx errdesc.pp.ml [opt]
         ppx immutableChecker.pp.ml [opt]
         ppx inferconfig.pp.ml [opt]
         ppx inhabit.pp.ml [opt]
         ppx jAnnotation.pp.ml [opt]
         ppx jClasspath.pp.ml [opt]
         ppx interproc.pp.ml [opt]
         ppx jConfig.pp.ml [opt]
         ppx jContext.pp.ml [opt]
         ppx itv.pp.ml [opt]
         ppx jFrontend.pp.ml [opt]
         ppx jMain.pp.ml [opt]
         ppx jTransExn.pp.ml [opt]
         ppx joinState.pp.ml [opt]
         ppx jTransType.pp.ml [opt]
         ppx jTrans.pp.ml [opt]
         ppx liveness.pp.ml [opt]
         ppx livenessTests.pp.ml [opt]
         ppx mergeCapture.pp.ml [opt]
         ppx modelTables.pp.ml [opt]
         ppx models.pp.ml [opt]
         ppx match.pp.ml [opt]
         ppx objcCategory_decl.pp.ml [opt]
         ppx objcProperty_decl.pp.ml [opt]
         ppx objcInterface_decl.pp.ml [opt]
         ppx objcProtocol_decl.pp.ml [opt]
         ppx ondemand.pp.ml [opt]
         ppx preanal.pp.ml [opt]
         ppx printer.pp.ml [opt]
         ppx paths.pp.ml [opt]
         ppx printfArgs.pp.ml [opt]
         ppx procCfgTests.pp.ml [opt]
         ppx propset.pp.ml [opt]
         ppx propgraph.pp.ml [opt]
         ppx pythonMain.pp.ml [opt]
         ppx registerCheckers.pp.ml [opt]
         ppx repeatedCallsChecker.pp.ml [opt]
         ppx rearrange.pp.ml [opt]
         ppx prop.pp.ml [opt]
         ppx reporting.pp.ml [opt]
         ppx schedulerTests.pp.ml [opt]
         ppx prover.pp.ml [opt]
         ppx stacktraceTests.pp.ml [opt]
         ppx state.pp.ml [opt]
         ppx specs.pp.ml [opt]
         ppx tableaux.pp.ml [opt]
         ppx timeout.pp.ml [opt]
         ppx typeAnnotation.pp.ml [opt]
         ppx symExec.pp.ml [opt]
         ppx tabulation.pp.ml [opt]
         ppx typeOrigin.pp.ml [opt]
         ppx typeCheck.pp.ml [opt]
         ppx typeErr.pp.ml [opt]
         ppx typeState.pp.ml [opt]
      menhir types_parser.{ml,mli} [opt]
         ppx uninitDomain.pp.ml [opt]
         ppx uninit.pp.ml [opt]
    ocamllex types_lexer.ml [opt]
      ocamlc atd/InferGenerated.{cmi,cmo,cmt} [opt]
      ocamlc istd/InferStdlib.{cmi,cmo,cmt} [opt]
    ocamldep istd/InferStdlib.dependsi.ocamldep-output [opt]
    ocamldep atd/InferGenerated.dependsi.ocamldep-output [opt]
    ocamldep istd/InferStdlib.depends.ocamldep-output [opt]
      ocamlc InferModules.{cmi,cmo,cmt} [opt]
         ppx ALVar.pp.mli [opt]
         ppx AbstractDomain.pp.mli [opt]
         ppx AbstractInterpreter.pp.mli [opt]
         ppx Annot.pp.mli [opt]
         ppx AnnotatedSignature.pp.mli [opt]
         ppx Attribute.pp.mli [opt]
         ppx Attributes.pp.mli [opt]
         ppx Binop.pp.mli [opt]
         ppx Buck.pp.mli [opt]
         ppx BuiltinDecl.pp.mli [opt]
         ppx BuiltinDefn.pp.mli [opt]
         ppx CLintersContext.pp.mli [opt]
         ppx CProcname.pp.mli [opt]
         ppx CTLExceptions.pp.mli [opt]
         ppx CTLParserHelper.pp.mli [opt]
         ppx CType.pp.mli [opt]
         ppx CType_decl.pp.mli [opt]
         ppx CallFlags.pp.mli [opt]
         ppx CallSite.pp.mli [opt]
         ppx Capture.pp.mli [opt]
         ppx CaptureCompilationDatabase.pp.mli [opt]
         ppx Cfg.pp.mli [opt]
         ppx Cg.pp.mli [opt]
         ppx Checkers.pp.mli [opt]
         ppx CiOSVersionNumbers.pp.mli [opt]
         ppx Clang.pp.mli [opt]
         ppx ClangCommand.pp.mli [opt]
         ppx ClangPointers.pp.mli [opt]
         ppx ClangQuotes.pp.mli [opt]
         ppx ClangTaintAnalysis.pp.mli [opt]
         ppx ClangTests.pp.mli [opt]
         ppx ClangTrace.pp.mli [opt]
         ppx ClangWrapper.pp.mli [opt]
         ppx CommandDoc.pp.mli [opt]
         ppx CommandLineOption.pp.mli [opt]
         ppx CompilationDatabase.pp.mli [opt]
         ppx ComponentKit.pp.mli [opt]
         ppx Config.pp.mli [opt]
         ppx Const.pp.mli [opt]
         ppx DB.pp.mli [opt]
         ppx DecompiledExp.pp.mli [opt]
         ppx Die.pp.mli [opt]
         ppx Diff.pp.mli [opt]
         ppx Differential.pp.mli [opt]
         ppx DifferentialFilters.pp.mli [opt]
         ppx Driver.pp.mli [opt]
         ppx Epilogues.pp.mli [opt]
         ppx Errlog.pp.mli [opt]
         ppx Escape.pp.mli [opt]
         ppx Exp.pp.mli [opt]
         ppx FbThreadSafety.pp.mli [opt]
         ppx Exceptions.pp.mli [opt]
         ppx FormalMap.pp.mli [opt]
         ppx HilExp.pp.mli [opt]
         ppx HilInstr.pp.mli [opt]
         ppx IdAccessPathMapDomain.pp.mli [opt]
         ppx InferAnalyze.pp.mli [opt]
         ppx Ident.pp.mli [opt]
         ppx InferPrint.pp.mli [opt]
         ppx IntLit.pp.mli [opt]
         ppx Io_infer.pp.mli [opt]
         ppx IssueType.pp.mli [opt]
         ppx JavaTaintAnalysis.pp.mli [opt]
         ppx JavaTrace.pp.mli [opt]
         ppx Javac.pp.mli [opt]
         ppx Latex.pp.mli [opt]
         ppx LintIssues.pp.mli [opt]
         ppx Location.pp.mli [opt]
         ppx Localise.pp.mli [opt]
         ppx Logging.pp.mli [opt]
         ppx LowerHil.pp.mli [opt]
         ppx Mangled.pp.mli [opt]
         ppx MarkupFormatter.pp.mli [opt]
         ppx Maven.pp.mli [opt]
         ppx MergeResults.pp.mli [opt]
         ppx Mleak_buckets.pp.mli [opt]
         ppx Multilinks.pp.mli [opt]
         ppx NodePrinter.pp.mli [opt]
         ppx NullabilityCheck.pp.mli [opt]
         ppx NullabilityPreanalysis.pp.mli [opt]
         ppx NullabilitySuggest.pp.mli [opt]
         ppx Objc_models.pp.mli [opt]
         ppx Passthrough.pp.mli [opt]
         ppx PatternMatch.pp.mli [opt]
         ppx PerfStats.pp.mli [opt]
         ppx Pp.pp.mli [opt]
         ppx PredSymb.pp.mli [opt]
         ppx PrettyPrintable.pp.mli [opt]
         ppx ProcAttributes.pp.mli [opt]
         ppx ProcCfg.pp.mli [opt]
         ppx ProcData.pp.mli [opt]
         ppx Process.pp.mli [opt]
         ppx Procdesc.pp.mli [opt]
         ppx ProcessPool.pp.mli [opt]
         ppx PropUtil.pp.mli [opt]
         ppx Pvar.pp.mli [opt]
         ppx QualifiedCppName.pp.mli [opt]
         ppx QualifiedCppNameTests.pp.mli [opt]
         ppx QuandaryConfig.pp.mli [opt]
         ppx QuandarySummary.pp.mli [opt]
         ppx RacerD.pp.mli [opt]
         ppx RacerDConfig.pp.mli [opt]
         ppx RacerDDomain.pp.mli [opt]
         ppx ReportDiff.pp.mli [opt]
         ppx ResultsDir.pp.mli [opt]
         ppx Serialization.pp.mli [opt]
         ppx SimpleChecker.pp.mli [opt]
         ppx Sink.pp.mli [opt]
         ppx Sil.pp.mli [opt]
         ppx SinkTrace.pp.mli [opt]
         ppx Siof.pp.mli [opt]
         ppx SiofDomain.pp.mli [opt]
         ppx SiofTrace.pp.mli [opt]
         ppx Source.pp.mli [opt]
         ppx SourceFile.pp.mli [opt]
         ppx SqliteUtils.pp.mli [opt]
         ppx Stacktrace.pp.mli [opt]
         ppx StatisticsToolbox.pp.mli [opt]
         ppx StatsAggregator.pp.mli [opt]
         ppx Subtype.pp.mli [opt]
         ppx Summary.pp.mli [opt]
         ppx SymOp.pp.mli [opt]
         ppx Tasks.pp.mli [opt]
         ppx Tenv.pp.mli [opt]
         ppx Trace.pp.mli [opt]
         ppx TransferFunctions.pp.mli [opt]
         ppx Typ.pp.mli [opt]
         ppx Unop.pp.mli [opt]
         ppx Utils.pp.mli [opt]
         ppx Var.pp.mli [opt]
         ppx Version.pp.mli [opt]
         ppx ZipLib.pp.mli [opt]
         ppx abs.pp.mli [opt]
         ppx absarray.pp.mli [opt]
         ppx accessPath.pp.mli [opt]
         ppx accessPathDomains.pp.mli [opt]
         ppx accessPathTestUtils.pp.mli [opt]
         ppx accessTree.pp.mli [opt]
         ppx androidFramework.pp.mli [opt]
         ppx annotationReachability.pp.mli [opt]
         ppx annotations.pp.mli [opt]
         ppx ast_expressions.pp.mli [opt]
         ppx buckets.pp.mli [opt]
         ppx bufferOverrunChecker.pp.mli [opt]
         ppx builtin.pp.mli [opt]
         ppx cArithmetic_trans.pp.mli [opt]
         ppx cAst_utils.pp.mli [opt]
         ppx cContext.pp.mli [opt]
         ppx cEnum_decl.pp.mli [opt]
         ppx cField_decl.pp.mli [opt]
         ppx cFrontend.pp.mli [opt]
         ppx cFrontend_checkers.pp.mli [opt]
         ppx cFrontend_checkers_main.pp.mli [opt]
         ppx cFrontend_config.pp.mli [opt]
         ppx cFrontend_decl.pp.mli [opt]
         ppx cFrontend_errors.pp.mli [opt]
         ppx cGeneral_utils.pp.mli [opt]
         ppx cIssue.pp.mli [opt]
         ppx cLocation.pp.mli [opt]
         ppx cMethod_signature.pp.mli [opt]
         ppx cMethod_trans.pp.mli [opt]
         ppx cPredicates.pp.mli [opt]
         ppx cTL.pp.mli [opt]
         ppx cTrans.pp.mli [opt]
         ppx cTrans_models.pp.mli [opt]
         ppx cTrans_utils.pp.mli [opt]
         ppx cType_to_sil_type.pp.mli [opt]
         ppx cVar_decl.pp.mli [opt]
         ppx cluster.pp.mli [opt]
         ppx callbacks.pp.mli [opt]
         ppx constantPropagation.pp.mli [opt]
         ppx crashcontext.pp.mli [opt]
         ppx ctl_parser_types.pp.mli [opt]
         ppx dataflow.pp.mli [opt]
    ocamldep atd/InferGenerated.depends.ocamldep-output [opt]
         ppx dom.pp.mli [opt]
         ppx dotty.pp.mli [opt]
         ppx eradicate.pp.mli [opt]
         ppx exe_env.pp.mli [opt]
         ppx errdesc.pp.mli [opt]
         ppx fbTraceCalls.pp.mli [opt]
         ppx harness.pp.mli [opt]
         ppx idenv.pp.mli [opt]
         ppx immutableChecker.pp.mli [opt]
         ppx fragmentRetainsViewChecker.pp.mli [opt]
         ppx inhabit.pp.mli [opt]
         ppx interproc.pp.mli [opt]
         ppx inferconfig.pp.mli [opt]
         ppx jClasspath.pp.mli [opt]
         ppx jConfig.pp.mli [opt]
         ppx jAnnotation.pp.mli [opt]
         ppx jContext.pp.mli [opt]
         ppx jFrontend.pp.mli [opt]
         ppx jTrans.pp.mli [opt]
         ppx jMain.pp.mli [opt]
         ppx joinState.pp.mli [opt]
         ppx jTransExn.pp.mli [opt]
         ppx jTransType.pp.mli [opt]
         ppx match.pp.mli [opt]
         ppx mergeCapture.pp.mli [opt]
         ppx objcInterface_decl.pp.mli [opt]
         ppx objcProperty_decl.pp.mli [opt]
         ppx modelTables.pp.mli [opt]
         ppx objcCategory_decl.pp.mli [opt]
         ppx objcProtocol_decl.pp.mli [opt]
         ppx ondemand.pp.mli [opt]
         ppx printer.pp.mli [opt]
         ppx paths.pp.mli [opt]
         ppx preanal.pp.mli [opt]
         ppx printfArgs.pp.mli [opt]
         ppx prop.pp.mli [opt]
         ppx pythonMain.pp.mli [opt]
         ppx propgraph.pp.mli [opt]
         ppx propset.pp.mli [opt]
         ppx prover.pp.mli [opt]
         ppx rearrange.pp.mli [opt]
         ppx registerCheckers.pp.mli [opt]
         ppx state.pp.mli [opt]
         ppx repeatedCallsChecker.pp.mli [opt]
         ppx specs.pp.mli [opt]
         ppx reporting.pp.mli [opt]
         ppx symExec.pp.mli [opt]
         ppx tableaux.pp.mli [opt]
         ppx tabulation.pp.mli [opt]
         ppx typeAnnotation.pp.mli [opt]
         ppx typeErr.pp.mli [opt]
         ppx timeout.pp.mli [opt]
         ppx typeCheck.pp.mli [opt]
         ppx typeOrigin.pp.mli [opt]
         ppx infer.pp.mli [opt]
         ppx typeState.pp.mli [opt]
         ppx ctl_parser.pp.mli [opt]
         ppx ctl_lexer.pp.ml [opt]
         ppx types_parser.pp.mli [opt]
         ppx types_parser.pp.ml [opt]
         ppx types_lexer.pp.ml [opt]
      ocamlc istd/InferStdlib__IList.{cmi,cmti} [opt]
    ocamlopt atd/InferGenerated.{cmx,o} [opt]
    ocamlopt istd/InferStdlib.{cmx,o} [opt]
      ocamlc atd/InferGenerated__Jsonbug_t.{cmi,cmti} [opt]
      ocamlc atd/InferGenerated__Stacktree_t.{cmi,cmti} [opt]
      ocamlc atd/InferGenerated__Clang_ast_types.{cmi,cmo,cmt} [opt]
    ocamldep infer.dependsi.ocamldep-output [opt]
    ocamlopt InferModules.{cmx,o} [opt]
    ocamldep InferModules.dependsi.ocamldep-output [opt]
         ppx ctl_parser.pp.ml [opt]
    ocamlopt istd/InferStdlib__IList.{cmx,o} [opt]
    ocamlopt atd/InferGenerated__Jsonbug_t.{cmx,o} [opt]
      ocamlc atd/InferGenerated__Stacktree_j.{cmi,cmti} [opt]
      ocamlc atd/InferGenerated__Jsonbug_j.{cmi,cmti} [opt]
    ocamlopt atd/InferGenerated__Stacktree_t.{cmx,o} [opt]
    ocamlopt atd/InferGenerated__Clang_ast_types.{cmx,o} [opt]
      ocamlc atd/InferGenerated__Clang_ast_t.{cmi,cmti} [opt]
    ocamlopt atd/InferGenerated__Stacktree_j.{cmx,o} [opt]
    ocamlopt atd/InferGenerated__Clang_ast_t.{cmx,o} [opt]
      ocamlc istd/InferStdlib__IStd.{cmi,cmo,cmt} [opt]
      ocamlc atd/InferGenerated__Clang_ast_j.{cmi,cmti} [opt]
      ocamlc atd/InferGenerated__Clang_ast_proj.{cmi,cmti} [opt]
      ocamlc atd/InferGenerated__Clang_ast_b.{cmi,cmti} [opt]
      ocamlc atd/InferGenerated__Clang_ast_visit.{cmi,cmo,cmt} [opt]
    ocamldep InferModules.depends.ocamldep-output [opt]
    ocamlopt atd/InferGenerated__Jsonbug_j.{cmx,o} [opt]
      ocamlc atd/InferGenerated__Clang_ast_v.{cmi,cmti} [opt]
    ocamlopt istd/InferStdlib__IStd.{cmx,o} [opt]
    ocamlopt atd/InferGenerated__Clang_ast_visit.{cmx,o} [opt]
      ocamlc InferModules__ALVar.{cmi,cmti} [opt]
      ocamlc InferModules__Buck.{cmi,cmti} [opt]
      ocamlc InferModules__CTLExceptions.{cmi,cmti} [opt]
      ocamlc InferModules__CiOSVersionNumbers.{cmi,cmti} [opt]
      ocamlc InferModules__Clang.{cmi,cmti} [opt]
      ocamlc InferModules__ClangPointers.{cmi,cmti} [opt]
      ocamlc InferModules__ClangQuotes.{cmi,cmti} [opt]
      ocamlc InferModules__ClangTests.{cmi,cmti} [opt]
      ocamlc InferModules__ClangWrapper.{cmi,cmti} [opt]
    ocamlopt atd/InferGenerated__Clang_ast_proj.{cmx,o} [opt]
      ocamlc InferModules__Crashcontext.{cmi,cmti} [opt]
      ocamlc InferModules__CommandLineOption.{cmi,cmti} [opt]
      ocamlc InferModules__Differential.{cmi,cmti} [opt]
      ocamlc InferModules__Die.{cmi,cmti} [opt]
      ocamlc InferModules__Epilogues.{cmi,cmti} [opt]
      ocamlc InferModules__Escape.{cmi,cmti} [opt]
      ocamlc InferModules__FbTraceCalls.{cmi,cmti} [opt]
      ocamlc InferModules__InferPrint.{cmi,cmti} [opt]
      ocamlc InferModules__IntLit.{cmi,cmti} [opt]
      ocamlc InferModules__IssueType.{cmi,cmti} [opt]
      ocamlc InferModules__JMain.{cmi,cmti} [opt]
      ocamlc InferModules__Javac.{cmi,cmti} [opt]
      ocamlc InferModules__JoinState.{cmi,cmti} [opt]
      ocamlc InferModules__Mangled.{cmi,cmti} [opt]
      ocamlc InferModules__MarkupFormatter.{cmi,cmti} [opt]
      ocamlc InferModules__Maven.{cmi,cmti} [opt]
      ocamlc InferModules__MergeCapture.{cmi,cmti} [opt]
      ocamlc InferModules__MergeResults.{cmi,cmti} [opt]
      ocamlc InferModules__ModelTables.{cmi,cmti} [opt]
      ocamlc InferModules__ObjcProperty_decl.{cmi,cmti} [opt]
      ocamlc InferModules__PerfStats.{cmi,cmti} [opt]
      ocamlc InferModules__Pp.{cmi,cmti} [opt]
      ocamlc InferModules__PrettyPrintable.{cmi,cmti} [opt]
      ocamlc InferModules__ProcessPool.{cmi,cmti} [opt]
      ocamlc InferModules__Process.{cmi,cmti} [opt]
      ocamlc InferModules__PythonMain.{cmi,cmti} [opt]
      ocamlc InferModules__QualifiedCppName.{cmi,cmti} [opt]
      ocamlc InferModules__QualifiedCppNameTests.{cmi,cmti} [opt]
      ocamlc InferModules__QuandaryConfig.{cmi,cmti} [opt]
      ocamlc InferModules__RacerDConfig.{cmi,cmti} [opt]
      ocamlc InferModules__RegisterCheckers.{cmi,cmti} [opt]
      ocamlc InferModules__ReportDiff.{cmi,cmti} [opt]
      ocamlc InferModules__ResultsDir.{cmi,cmti} [opt]
      ocamlc InferModules__SourceFile.{cmi,cmti} [opt]
      ocamlc InferModules__SqliteUtils.{cmi,cmti} [opt]
      ocamlc InferModules__StatisticsToolbox.{cmi,cmti} [opt]
      ocamlc InferModules__StatsAggregator.{cmi,cmti} [opt]
      ocamlc InferModules__SymOp.{cmi,cmti} [opt]
      ocamlc InferModules__Tasks.{cmi,cmti} [opt]
      ocamlc InferModules__Version.{cmi,cmti} [opt]
      ocamlc InferModules__BUILTINS.{cmi,cmo,cmt} [opt]
    ocamlopt istd/InferStdlib.{a,cmxa} [opt]
      ocamlc InferModules__Utils.{cmi,cmti} [opt]
      ocamlc InferModules__Ctl_parser_types.{cmi,cmti} [opt]
      ocamlc InferModules__CiOSVersionNumbersTests.{cmi,cmo,cmt} [opt]
      ocamlc InferModules__ClangCommand.{cmi,cmti} [opt]
      ocamlc InferModules__CommandDoc.{cmi,cmti} [opt]
      ocamlc InferModules__Config.{cmi,cmti} [opt]
      ocamlc InferModules__JConfig.{cmi,cmti} [opt]
      ocamlc InferModules__Latex.{cmi,cmti} [opt]
      ocamlc InferModules__DifferentialTestsUtils.{cmi,cmo,cmt} [opt]
      ocamlc InferModules__AbstractDomain.{cmi,cmti} [opt]
      ocamlc InferModules__Annot.{cmi,cmti} [opt]
      ocamlc InferModules__CompilationDatabase.{cmi,cmti} [opt]
      ocamlc InferModules__DB.{cmi,cmti} [opt]
      ocamlc InferModules__DifferentialFilters.{cmi,cmti} [opt]
      ocamlc InferModules__InferAnalyze.{cmi,cmti} [opt]
      ocamlc InferModules__Location.{cmi,cmti} [opt]
      ocamlc InferModules__Logging.{cmi,cmti} [opt]
      ocamlc InferModules__Timeout.{cmi,cmti} [opt]
    ocamlopt atd/InferGenerated__Clang_ast_v.{cmx,o} [opt]
      ocamlc InferModules__Types_parser.{cmi,cmti} [opt]
      ocamlc InferModules__Capture.{cmi,cmti} [opt]
      ocamlc InferModules__Driver.{cmi,cmti} [opt]
      ocamlc InferModules__Ident.{cmi,cmti} [opt]
      ocamlc InferModules__JAnnotation.{cmi,cmti} [opt]
      ocamlc InferModules__DifferentialTests.{cmi,cmo,cmt} [opt]
      ocamlc InferModules__CaptureCompilationDatabase.{cmi,cmti} [opt]
      ocamlc InferModules__Typ.{cmi,cmti} [opt]
      ocamlc InferModules__Cluster.{cmi,cmti} [opt]
      ocamlc InferModules__Serialization.{cmi,cmti} [opt]
      ocamlc InferModules__Stacktrace.{cmi,cmti} [opt]
      ocamlc InferModules__Multilinks.{cmi,cmti} [opt]
      ocamlc InferModules__Unop.{cmi,cmti} [opt]
      ocamlc InferModules__BufferOverrunTrace.{cmi,cmo,cmt} [opt]
      ocamlc InferModules__ResourceLeakDomain.{cmi,cmo,cmt} [opt]
      ocamlc InferModules__Binop.{cmi,cmti} [opt]
      ocamlc InferModules__Types_lexer.{cmi,cmo,cmt} [opt]
      ocamlc InferModules__Diff.{cmi,cmti} [opt]
      ocamlc InferModules__Ast_expressions.{cmi,cmti} [opt]
      ocamlc InferModules__BuiltinDecl.{cmi,cmti} [opt]
      ocamlc InferModules__DifferentialFiltersTests.{cmi,cmo,cmt} [opt]
      ocamlc InferModules__CEnum_decl.{cmi,cmti} [opt]
      ocamlc InferModules__CType.{cmi,cmti} [opt]
      ocamlc InferModules__CallFlags.{cmi,cmti} [opt]
      ocamlc InferModules__CallSite.{cmi,cmti} [opt]
      ocamlc InferModules__Cg.{cmi,cmti} [opt]
      ocamlc InferModules__Const.{cmi,cmti} [opt]
      ocamlc InferModules__Inferconfig.{cmi,cmti} [opt]
      ocamlc InferModules__Mleak_buckets.{cmi,cmti} [opt]
      ocamlc InferModules__Io_infer.{cmi,cmti} [opt]
      ocamlc InferModules__Objc_models.{cmi,cmti} [opt]
      ocamlc InferModules__Pvar.{cmi,cmti} [opt]
      ocamlc InferModules__Tenv.{cmi,cmti} [opt]
      ocamlc InferModules__ClusterMakefile.{cmi,cmo,cmt} [opt]
      ocamlc InferModules__ZipLib.{cmi,cmti} [opt]
      ocamlc InferModules__StacktraceTests.{cmi,cmo,cmt} [opt]
      ocamlc InferModules__Clang_ast_extend.{cmi,cmo,cmt} [opt]
      ocamlc InferModules__Passthrough.{cmi,cmti} [opt]
      ocamlc InferModules__TraceElem.{cmi,cmo,cmt} [opt]
      ocamlc InferModules__AnnotReachabilityDomain.{cmi,cmo,cmt} [opt]
      ocamlc InferModules__AndroidFramework.{cmi,cmti} [opt]
      ocamlc InferModules__CType_decl.{cmi,cmti} [opt]
      ocamlc InferModules__CType_to_sil_type.{cmi,cmti} [opt]
      ocamlc InferModules__FbThreadSafety.{cmi,cmti} [opt]
      ocamlc InferModules__Itv.{cmi,cmo,cmt} [opt]
      ocamlc InferModules__JClasspath.{cmi,cmti} [opt]
      ocamlc InferModules__Subtype.{cmi,cmti} [opt]
      ocamlc InferModules__DecompiledExp.{cmi,cmti} [opt]
      ocamlc InferModules__Exp.{cmi,cmti} [opt]
      ocamlc InferModules__BufferOverrunProofObligations.{cmi,cmo,cmt} [opt]
      ocamlc InferModules__PredSymb.{cmi,cmti} [opt]
      ocamlc InferModules__Var.{cmi,cmti} [opt]
      ocamlc InferModules__CFrontend_config.{cmi,cmti} [opt]
      ocamlc InferModules__CAst_utils.{cmi,cmti} [opt]
      ocamlc InferModules__AccessPath.{cmi,cmti} [opt]
      ocamlc InferModules__Sil.{cmi,cmti} [opt]
      ocamlc InferModules__UninitDomain.{cmi,cmo,cmt} [opt]
      ocamlc InferModules__CFrontend.{cmi,cmti} [opt]
      ocamlc InferModules__CFrontend_checkers_main.{cmi,cmti} [opt]
      ocamlc InferModules__CLintersContext.{cmi,cmti} [opt]
      ocamlc InferModules__AbsLoc.{cmi,cmo,cmt} [opt]
      ocamlc InferModules__CMethod_signature.{cmi,cmti} [opt]
      ocamlc InferModules__CGeneral_utils.{cmi,cmti} [opt]
      ocamlc InferModules__CProcname.{cmi,cmti} [opt]
      ocamlc InferModules__CField_decl.{cmi,cmti} [opt]
      ocamlc InferModules__ObjcCategory_decl.{cmi,cmti} [opt]
      ocamlc InferModules__ObjcInterface_decl.{cmi,cmti} [opt]
      ocamlc InferModules__AccessPathDomains.{cmi,cmti} [opt]
      ocamlc InferModules__ObjcProtocol_decl.{cmi,cmti} [opt]
      ocamlc InferModules__AccessPathTestUtils.{cmi,cmti} [opt]
      ocamlc InferModules__AccessTree.{cmi,cmti} [opt]
      ocamlc InferModules__HilExp.{cmi,cmti} [opt]
      ocamlc InferModules__IdAccessPathMapDomain.{cmi,cmti} [opt]
      ocamlc InferModules__Localise.{cmi,cmti} [opt]
      ocamlc InferModules__CArithmetic_trans.{cmi,cmti} [opt]
      ocamlc InferModules__CPredicates.{cmi,cmti} [opt]
      ocamlc InferModules__Prop.{cmi,cmti} [opt]
      ocamlc InferModules__CFrontend_checkers.{cmi,cmti} [opt]
      ocamlc InferModules__CTrans_models.{cmi,cmti} [opt]
      ocamlc InferModules__ArrayBlk.{cmi,cmo,cmt} [opt]
      ocamlc InferModules__AccessPathTests.{cmi,cmo,cmt} [opt]
      ocamlc InferModules__Sink.{cmi,cmti} [opt]
      ocamlc InferModules__HilInstr.{cmi,cmti} [opt]
      ocamlc InferModules__Buckets.{cmi,cmti} [opt]
      ocamlc InferModules__Exceptions.{cmi,cmti} [opt]
      ocamlc InferModules__CTL.{cmi,cmti} [opt]
      ocamlc InferModules__AccessTreeTests.{cmi,cmo,cmt} [opt]
      ocamlc InferModules__Propgraph.{cmi,cmti} [opt]
      ocamlc InferModules__Absarray.{cmi,cmti} [opt]
      ocamlc InferModules__Propset.{cmi,cmti} [opt]
      ocamlc InferModules__Match.{cmi,cmti} [opt]
      ocamlc InferModules__Attribute.{cmi,cmti} [opt]
      ocamlc InferModules__Prover.{cmi,cmti} [opt]
      ocamlc InferModules__CIssue.{cmi,cmti} [opt]
      ocamlc InferModules__Errlog.{cmi,cmti} [opt]
      ocamlc InferModules__CTLParserHelper.{cmi,cmti} [opt]
      ocamlc InferModules__Ctl_parser.{cmi,cmti} [opt]
      ocamlc InferModules__Tableaux.{cmi,cmti} [opt]
      ocamlc InferModules__Abs.{cmi,cmti} [opt]
      ocamlc InferModules__BufferOverrunDomain.{cmi,cmo,cmt} [opt]
      ocamlc InferModules__ComponentKit.{cmi,cmti} [opt]
      ocamlc InferModules__CFrontend_errors.{cmi,cmti} [opt]
      ocamlc InferModules__LintIssues.{cmi,cmti} [opt]
      ocamlc InferModules__Ctl_lexer.{cmi,cmo,cmt} [opt]
      ocamlc InferModules__ProcAttributes.{cmi,cmti} [opt]
      ocamlc InferModules__Attributes.{cmi,cmti} [opt]
      ocamlc InferModules__AnnotatedSignature.{cmi,cmti} [opt]
      ocamlc InferModules__CFrontend_errorsTests.{cmi,cmo,cmt} [opt]
      ocamlc InferModules__Procdesc.{cmi,cmti} [opt]
      ocamlc InferModules__OndemandCapture.{cmi,cmo,cmt} [opt]
      ocamlc InferModules__FormalMap.{cmi,cmti} [opt]
      ocamlc InferModules__Idenv.{cmi,cmti} [opt]
      ocamlc InferModules__NodePrinter.{cmi,cmti} [opt]
    ocamlopt atd/InferGenerated__Clang_ast_b.{cmx,o} [opt]
      ocamlc InferModules__Printer.{cmi,cmti} [opt]
      ocamlc InferModules__Annotations.{cmi,cmti} [opt]
      ocamlc InferModules__Cfg.{cmi,cmti} [opt]
      ocamlc InferModules__ConstantPropagation.{cmi,cmti} [opt]
      ocamlc InferModules__Preanal.{cmi,cmti} [opt]
      ocamlc InferModules__ProcData.{cmi,cmti} [opt]
      ocamlc InferModules__TypeErr.{cmi,cmti} [opt]
      ocamlc InferModules__Source.{cmi,cmti} [opt]
      ocamlc InferModules__PropUtil.{cmi,cmti} [opt]
      ocamlc InferModules__ProcCfg.{cmi,cmti} [opt]
      ocamlc InferModules__Models.{cmi,cmo,cmt} [opt] (exit 2)
(cd _build/opt && /home/weimer/.opam/4.05.0/bin/ocamlc.opt -g -short-paths -safe-string -principal -strict-formats -strict-sequence -bin-annot -w +3+5+6+8+10+11+12+18+19+20+21+23+26+29+27+32+33+34+35+37+38+39+50+52+57-4-9-40-41-42-45-48 -open InferStdlib -open IStd -open InferGenerated -g -bin-annot -I /home/weimer/.opam/4.05.0/lib/ANSITerminal -I /home/weimer/.opam/4.05.0/lib/atd -I /home/weimer/.opam/4.05.0/lib/atdgen -I /home/weimer/.opam/4.05.0/lib/base -I /home/weimer/.opam/4.05.0/lib/base/caml -I /home/weimer/.opam/4.05.0/lib/base/md5 -I /home/weimer/.opam/4.05.0/lib/base/shadow_stdlib -I /home/weimer/.opam/4.05.0/lib/bin_prot -I /home/weimer/.opam/4.05.0/lib/bin_prot/shape -I /home/weimer/.opam/4.05.0/lib/biniou -I /home/weimer/.opam/4.05.0/lib/bytes -I /home/weimer/.opam/4.05.0/lib/camlzip/../zip -I /home/weimer/.opam/4.05.0/lib/cmdliner -I /home/weimer/.opam/4.05.0/lib/core -I /home/weimer/.opam/4.05.0/lib/core_kernel -I /home/weimer/.opam/4.05.0/lib/core_kernel/base_for_tests -I /home/weimer/.opam/4.05.0/lib/easy-format -I /home/weimer/.opam/4.05.0/lib/extlib -I /home/weimer/.opam/4.05.0/lib/fieldslib -I /home/weimer/.opam/4.05.0/lib/jane-street-headers -I /home/weimer/.opam/4.05.0/lib/javalib -I /home/weimer/.opam/4.05.0/lib/mtime -I /home/weimer/.opam/4.05.0/lib/mtime/os -I /home/weimer/.opam/4.05.0/lib/oUnit -I /home/weimer/.opam/4.05.0/lib/ocaml -I /home/weimer/.opam/4.05.0/lib/ocaml/threads -I /home/weimer/.opam/4.05.0/lib/parmap -I /home/weimer/.opam/4.05.0/lib/ppx_assert/runtime-lib -I /home/weimer/.opam/4.05.0/lib/ppx_bench/runtime-lib -I /home/weimer/.opam/4.05.0/lib/ppx_compare/runtime-lib -I /home/weimer/.opam/4.05.0/lib/ppx_expect/collector -I /home/weimer/.opam/4.05.0/lib/ppx_expect/common -I /home/weimer/.opam/4.05.0/lib/ppx_expect/config -I /home/weimer/.opam/4.05.0/lib/ppx_hash/runtime-lib -I /home/weimer/.opam/4.05.0/lib/ppx_inline_test/config -I /home/weimer/.opam/4.05.0/lib/ppx_inline_test/runtime-lib -I /home/weimer/.opam/4.05.0/lib/ptrees -I /home/weimer/.opam/4.05.0/lib/result -I /home/weimer/.opam/4.05.0/lib/sawja -I /home/weimer/.opam/4.05.0/lib/sexplib -I /home/weimer/.opam/4.05.0/lib/sexplib/0 -I /home/weimer/.opam/4.05.0/lib/sexplib/unix -I /home/weimer/.opam/4.05.0/lib/spawn -I /home/weimer/.opam/4.05.0/lib/sqlite3 -I /home/weimer/.opam/4.05.0/lib/stdio -I /home/weimer/.opam/4.05.0/lib/typerep -I /home/weimer/.opam/4.05.0/lib/variantslib -I /home/weimer/.opam/4.05.0/lib/xmlm -I /home/weimer/.opam/4.05.0/lib/yojson -I /home/weimer/.opam/4.05.0/lib/zip -I atd -I istd -no-alias-deps -I . -open InferModules -o InferModules__Models.cmo -c -impl models.pp.ml)
File "eradicate/models.ml", line 53, characters 4-53:
Warning 3: deprecated: InferStdlib.IStd.String.set
[since 2017-10] Use [Bytes.set] instead
File "eradicate/models.ml", line 53, characters 4-5:
Error: This expression has type string but an expression was expected of type
         bytes

Waiting for 1 job to finish.
make[1]: *** [_build/opt/infer.exe] Error 1
