make[1]: Entering directory '/home/weimer/src/infer-linux64-v0.13.0/infer/models'
make[2]: Entering directory '/home/weimer/src/infer-linux64-v0.13.0/infer/models'
rm -f /home/weimer/src/infer-linux64-v0.13.0/infer/lib/specs/*.specs /home/weimer/src/infer-linux64-v0.13.0/infer/lib/specs/c_models /home/weimer/src/infer-linux64-v0.13.0/infer/lib/specs/cpp_models /home/weimer/src/infer-linux64-v0.13.0/infer/lib/specs/objc_models
make[2]: Leaving directory '/home/weimer/src/infer-linux64-v0.13.0/infer/models'
make[2]: Entering directory '/home/weimer/src/infer-linux64-v0.13.0/infer/models'
make[3]: Entering directory '/home/weimer/src/infer-linux64-v0.13.0/infer/models/c'
*** inner Building C models
*** inner command:  /home/weimer/src/infer-linux64-v0.13.0/infer/bin/infer -a checkers --biabduction-only -o out --models-mode -- make INTERACTIVE=1 -C src clean all
*** inner CWD: /home/weimer/src/infer-linux64-v0.13.0/infer/models/c
make[4]: Entering directory '/home/weimer/src/infer-linux64-v0.13.0/infer/models/c/src'
rm -rf glib.o wchar.o xlib.o math.o wctype.o libc_basic.o infer_builtins.o 
clang -c -w glib.c -o glib.o
clang -c -w wchar.c -o wchar.o
clang -c -w xlib.c -o xlib.o
clang -c -w math.c -o math.o
clang -c -w wctype.c -o wctype.o
clang -c -w libc_basic.c -o libc_basic.o
clang -c -w infer_builtins.c -o infer_builtins.o
make[4]: Leaving directory '/home/weimer/src/infer-linux64-v0.13.0/infer/models/c/src'

make[3]: Leaving directory '/home/weimer/src/infer-linux64-v0.13.0/infer/models/c'
make[3]: Entering directory '/home/weimer/src/infer-linux64-v0.13.0/infer/models/cpp'
*** inner Building C++ models
*** inner command:  /home/weimer/src/infer-linux64-v0.13.0/infer/bin/infer -a checkers --biabduction-only -o out --models-mode -- make INTERACTIVE=1 -C src clean all
*** inner CWD: /home/weimer/src/infer-linux64-v0.13.0/infer/models/cpp
make[4]: Entering directory '/home/weimer/src/infer-linux64-v0.13.0/infer/models/cpp/src'
rm -rf c_src/glib_cxx.o c_src/wchar_cxx.o c_src/xlib_cxx.o c_src/math_cxx.o c_src/wctype_cxx.o c_src/libc_basic_cxx.o c_src/infer_builtins_cxx.o shared_ptr.o folly_split.o type_info.o mutex.o throw_wrappers.o
clang++ -c -w -std=c++11 -isystem../include c_src/glib.c -o c_src/glib_cxx.o
clang++ -c -w -std=c++11 -isystem../include c_src/wchar.c -o c_src/wchar_cxx.o
clang++ -c -w -std=c++11 -isystem../include c_src/xlib.c -o c_src/xlib_cxx.o
clang++ -c -w -std=c++11 -isystem../include c_src/math.c -o c_src/math_cxx.o
clang++ -c -w -std=c++11 -isystem../include c_src/wctype.c -o c_src/wctype_cxx.o
clang++ -c -w -std=c++11 -isystem../include c_src/libc_basic.c -o c_src/libc_basic_cxx.o
clang++ -c -w -std=c++11 -isystem../include c_src/infer_builtins.c -o c_src/infer_builtins_cxx.o
clang++ -c -w -std=c++11 -isystem../include shared_ptr.cpp -o shared_ptr.o
clang++ -c -w -std=c++11 -isystem../include folly_split.cpp -o folly_split.o
clang++ -c -w -std=c++11 -isystem../include type_info.cpp -o type_info.o
clang++ -c -w -std=c++11 -isystem../include mutex.cpp -o mutex.o
clang++ -c -w -std=c++11 -isystem../include throw_wrappers.cpp -o throw_wrappers.o
make[4]: Leaving directory '/home/weimer/src/infer-linux64-v0.13.0/infer/models/cpp/src'

make[3]: Leaving directory '/home/weimer/src/infer-linux64-v0.13.0/infer/models/cpp'
make[2]: Leaving directory '/home/weimer/src/infer-linux64-v0.13.0/infer/models'
make[2]: Entering directory '/home/weimer/src/infer-linux64-v0.13.0/infer/models/c'
make[2]: Leaving directory '/home/weimer/src/infer-linux64-v0.13.0/infer/models/c'
make[2]: Entering directory '/home/weimer/src/infer-linux64-v0.13.0/infer/models/cpp'
make[2]: Leaving directory '/home/weimer/src/infer-linux64-v0.13.0/infer/models/cpp'
make[2]: Entering directory '/home/weimer/src/infer-linux64-v0.13.0/infer/models'
make[3]: Entering directory '/home/weimer/src/infer-linux64-v0.13.0/infer/models/c'
make[3]: 'out/report.json' is up to date.
make[3]: Leaving directory '/home/weimer/src/infer-linux64-v0.13.0/infer/models/c'
make[3]: Entering directory '/home/weimer/src/infer-linux64-v0.13.0/infer/models/cpp'
make[3]: 'out/report.json' is up to date.
make[3]: Leaving directory '/home/weimer/src/infer-linux64-v0.13.0/infer/models/cpp'
make[2]: Leaving directory '/home/weimer/src/infer-linux64-v0.13.0/infer/models'
make[2]: Entering directory '/home/weimer/src/infer-linux64-v0.13.0/infer/models/java'
*** inner Building Java models
*** inner command:  /home/weimer/src/infer-linux64-v0.13.0/infer/bin/infer -a checkers --biabduction-only --results-dir models/infer --models-mode -- javac -bootclasspath /home/weimer/src/infer-linux64-v0.13.0/infer/lib/java/android/android-23.jar -d models -classpath /home/weimer/src/infer-linux64-v0.13.0/infer/lib/java/android/android-23.jar:/home/weimer/src/infer-linux64-v0.13.0/dependencies/java/guava/guava-10.0.1-fork.jar:/home/weimer/src/infer-linux64-v0.13.0/dependencies/java/jackson/jackson-2.2.3.jar:/home/weimer/src/infer-linux64-v0.13.0/dependencies/java/jsr-305/jsr305.jar:/home/weimer/src/infer-linux64-v0.13.0/infer/annotations/annotations.jar /home/weimer/src/infer-linux64-v0.13.0/infer/models/java/builtins/com/facebook/infer/builtins/InferUtils.java /home/weimer/src/infer-linux64-v0.13.0/infer/models/java/builtins/com/facebook/infer/builtins/InferTaint.java /home/weimer/src/infer-linux64-v0.13.0/infer/models/java/builtins/com/facebook/infer/builtins/InferCloseables.java /home/weimer/src/infer-linux64-v0.13.0/infer/models/java/builtins/com/facebook/infer/builtins/InferUndefined.java /home/weimer/src/infer-linux64-v0.13.0/infer/models/java/builtins/com/facebook/infer/builtins/InferBuiltins.java /home/weimer/src/infer-linux64-v0.13.0/infer/models/java/src/android/app/Activity.java /home/weimer/src/infer-linux64-v0.13.0/infer/models/java/src/android/app/DownloadManager.java /home/weimer/src/infer-linux64-v0.13.0/infer/models/java/src/android/database/CrossProcessCursorWrapper.java /home/weimer/src/infer-linux64-v0.13.0/infer/models/java/src/android/database/sqlite/SQLiteDatabaseConfiguration.java /home/weimer/src/infer-linux64-v0.13.0/infer/models/java/src/android/database/sqlite/SQLiteCursor.java /home/weimer/src/infer-linux64-v0.13.0/infer/models/java/src/android/database/sqlite/SQLiteConnectionPool.java /home/weimer/src/infer-linux64-v0.13.0/infer/models/java/src/android/database/sqlite/SQLiteQueryBuilder.java /home/weimer/src/infer-linux64-v0.13.0/infer/models/java/src/android/database/sqlite/SQLiteDatabase.java /home/weimer/src/infer-linux64-v0.13.0/infer/models/java/src/android/database/AbstractCursor.java /home/weimer/src/infer-linux64-v0.13.0/infer/models/java/src/android/database/Cursor.java /home/weimer/src/infer-linux64-v0.13.0/infer/models/java/src/android/database/CrossProcessCursor.java /home/weimer/src/infer-linux64-v0.13.0/infer/models/java/src/android/database/CursorWrapper.java /home/weimer/src/infer-linux64-v0.13.0/infer/models/java/src/android/text/TextUtils.java /home/weimer/src/infer-linux64-v0.13.0/infer/models/java/src/android/content/IContentService.java /home/weimer/src/infer-linux64-v0.13.0/infer/models/java/src/android/content/ContentProviderClient.java /home/weimer/src/infer-linux64-v0.13.0/infer/models/java/src/android/content/ContentResolver.java /home/weimer/src/infer-linux64-v0.13.0/infer/models/java/src/android/content/IContentProvider.java /home/weimer/src/infer-linux64-v0.13.0/infer/models/java/src/android/content/Context.java /home/weimer/src/infer-linux64-v0.13.0/infer/models/java/src/android/content/res/TypedArray.java /home/weimer/src/infer-linux64-v0.13.0/infer/models/java/src/android/content/res/Resources.java /home/weimer/src/infer-linux64-v0.13.0/infer/models/java/src/android/provider/MediaStore.java /home/weimer/src/infer-linux64-v0.13.0/infer/models/java/src/com/google/common/base/Optional.java /home/weimer/src/infer-linux64-v0.13.0/infer/models/java/src/com/google/common/base/Preconditions.java /home/weimer/src/infer-linux64-v0.13.0/infer/models/java/src/com/google/common/io/Closeables.java /home/weimer/src/infer-linux64-v0.13.0/infer/models/java/src/com/google/common/collect/Iterators.java /home/weimer/src/infer-linux64-v0.13.0/infer/models/java/src/com/facebook/infer/annotation/Assertions.java /home/weimer/src/infer-linux64-v0.13.0/infer/models/java/src/com/fasterxml/jackson/core/JsonFactory.java /home/weimer/src/infer-linux64-v0.13.0/infer/models/java/src/com/fasterxml/jackson/core/json/UTF8StreamJsonParser.java /home/weimer/src/infer-linux64-v0.13.0/infer/models/java/src/com/fasterxml/jackson/core/JsonParser.java /home/weimer/src/infer-linux64-v0.13.0/infer/models/java/src/java/util/LinkedList.java /home/weimer/src/infer-linux64-v0.13.0/infer/models/java/src/java/util/AbstractList.java /home/weimer/src/infer-linux64-v0.13.0/infer/models/java/src/java/util/Vector.java /home/weimer/src/infer-linux64-v0.13.0/infer/models/java/src/java/util/Scanner.java /home/weimer/src/infer-linux64-v0.13.0/infer/models/java/src/java/util/List.java /home/weimer/src/infer-linux64-v0.13.0/infer/models/java/src/java/util/ArrayList.java /home/weimer/src/infer-linux64-v0.13.0/infer/models/java/src/java/util/concurrent/Lock.java /home/weimer/src/infer-linux64-v0.13.0/infer/models/java/src/java/util/concurrent/ReentrantLock.java /home/weimer/src/infer-linux64-v0.13.0/infer/models/java/src/java/util/HashMap.java /home/weimer/src/infer-linux64-v0.13.0/infer/models/java/src/java/util/jar/JarFile.java /home/weimer/src/infer-linux64-v0.13.0/infer/models/java/src/java/util/jar/JarInputStream.java /home/weimer/src/infer-linux64-v0.13.0/infer/models/java/src/java/util/jar/JarOutputStream.java /home/weimer/src/infer-linux64-v0.13.0/infer/models/java/src/java/util/Properties.java /home/weimer/src/infer-linux64-v0.13.0/infer/models/java/src/java/util/zip/CheckedOutputStream.java /home/weimer/src/infer-linux64-v0.13.0/infer/models/java/src/java/util/zip/GZIPInputStream.java /home/weimer/src/infer-linux64-v0.13.0/infer/models/java/src/java/util/zip/DeflaterInputStream.java /home/weimer/src/infer-linux64-v0.13.0/infer/models/java/src/java/util/zip/Inflater.java /home/weimer/src/infer-linux64-v0.13.0/infer/models/java/src/java/util/zip/CheckedInputStream.java /home/weimer/src/infer-linux64-v0.13.0/infer/models/java/src/java/util/zip/DeflaterOutputStream.java /home/weimer/src/infer-linux64-v0.13.0/infer/models/java/src/java/util/zip/ZipInputStream.java /home/weimer/src/infer-linux64-v0.13.0/infer/models/java/src/java/util/zip/Deflater.java /home/weimer/src/infer-linux64-v0.13.0/infer/models/java/src/java/util/zip/InflaterOutputStream.java /home/weimer/src/infer-linux64-v0.13.0/infer/models/java/src/java/util/zip/GZIPOutputStream.java /home/weimer/src/infer-linux64-v0.13.0/infer/models/java/src/java/util/zip/ZipOutputStream.java /home/weimer/src/infer-linux64-v0.13.0/infer/models/java/src/java/util/zip/ZipFile.java /home/weimer/src/infer-linux64-v0.13.0/infer/models/java/src/java/util/zip/InflaterInputStream.java /home/weimer/src/infer-linux64-v0.13.0/infer/models/java/src/java/nio/FileChannelImpl.java /home/weimer/src/infer-linux64-v0.13.0/infer/models/java/src/java/nio/channels/FileChannel.java /home/weimer/src/infer-linux64-v0.13.0/infer/models/java/src/java/nio/channels/spi/AbstractInterruptibleChannel.java /home/weimer/src/infer-linux64-v0.13.0/infer/models/java/src/java/security/DigestOutputStream.java /home/weimer/src/infer-linux64-v0.13.0/infer/models/java/src/java/security/DigestInputStream.java /home/weimer/src/infer-linux64-v0.13.0/infer/models/java/src/java/io/ObjectInputStream.java /home/weimer/src/infer-linux64-v0.13.0/infer/models/java/src/java/io/ObjectOutputStream.java /home/weimer/src/infer-linux64-v0.13.0/infer/models/java/src/java/io/InputStreamReader.java /home/weimer/src/infer-linux64-v0.13.0/infer/models/java/src/java/io/PipedOutputStream.java /home/weimer/src/infer-linux64-v0.13.0/infer/models/java/src/java/io/BufferedReader.java /home/weimer/src/infer-linux64-v0.13.0/infer/models/java/src/java/io/Reader.java /home/weimer/src/infer-linux64-v0.13.0/infer/models/java/src/java/io/RandomAccessFile.java /home/weimer/src/infer-linux64-v0.13.0/infer/models/java/src/java/io/PipedInputStream.java /home/weimer/src/infer-linux64-v0.13.0/infer/models/java/src/java/io/PipedWriter.java /home/weimer/src/infer-linux64-v0.13.0/infer/models/java/src/java/io/PrintWriter.java /home/weimer/src/infer-linux64-v0.13.0/infer/models/java/src/java/io/ByteArrayInputStream.java /home/weimer/src/infer-linux64-v0.13.0/infer/models/java/src/java/io/DataOutputStream.java /home/weimer/src/infer-linux64-v0.13.0/infer/models/java/src/java/io/PushbackInputStream.java /home/weimer/src/infer-linux64-v0.13.0/infer/models/java/src/java/io/InputStream.java /home/weimer/src/infer-linux64-v0.13.0/infer/models/java/src/java/io/OutputStream.java /home/weimer/src/infer-linux64-v0.13.0/infer/models/java/src/java/io/File.java /home/weimer/src/infer-linux64-v0.13.0/infer/models/java/src/java/io/Writer.java /home/weimer/src/infer-linux64-v0.13.0/infer/models/java/src/java/io/FileInputStream.java /home/weimer/src/infer-linux64-v0.13.0/infer/models/java/src/java/io/PushbackReader.java /home/weimer/src/infer-linux64-v0.13.0/infer/models/java/src/java/io/DataInputStream.java /home/weimer/src/infer-linux64-v0.13.0/infer/models/java/src/java/io/StringWriter.java /home/weimer/src/infer-linux64-v0.13.0/infer/models/java/src/java/io/StringReader.java /home/weimer/src/infer-linux64-v0.13.0/infer/models/java/src/java/io/FilterInputStream.java /home/weimer/src/infer-linux64-v0.13.0/infer/models/java/src/java/io/BufferedOutputStream.java /home/weimer/src/infer-linux64-v0.13.0/infer/models/java/src/java/io/FilterOutputStream.java /home/weimer/src/infer-linux64-v0.13.0/infer/models/java/src/java/io/BufferedWriter.java /home/weimer/src/infer-linux64-v0.13.0/infer/models/java/src/java/io/BufferedInputStream.java /home/weimer/src/infer-linux64-v0.13.0/infer/models/java/src/java/io/OutputStreamWriter.java /home/weimer/src/infer-linux64-v0.13.0/infer/models/java/src/java/io/PipedReader.java /home/weimer/src/infer-linux64-v0.13.0/infer/models/java/src/java/io/FilterReader.java /home/weimer/src/infer-linux64-v0.13.0/infer/models/java/src/java/io/FileOutputStream.java /home/weimer/src/infer-linux64-v0.13.0/infer/models/java/src/java/io/ByteArrayOutputStream.java /home/weimer/src/infer-linux64-v0.13.0/infer/models/java/src/java/net/JarURLConnection.java /home/weimer/src/infer-linux64-v0.13.0/infer/models/java/src/java/net/URL.java /home/weimer/src/infer-linux64-v0.13.0/infer/models/java/src/java/net/PlainSocketImpl.java /home/weimer/src/infer-linux64-v0.13.0/infer/models/java/src/java/net/Socket.java /home/weimer/src/infer-linux64-v0.13.0/infer/models/java/src/java/net/ServerSocket.java /home/weimer/src/infer-linux64-v0.13.0/infer/models/java/src/java/net/HttpURLConnection.java /home/weimer/src/infer-linux64-v0.13.0/infer/models/java/src/java/net/URLConnection.java /home/weimer/src/infer-linux64-v0.13.0/infer/models/java/src/java/lang/Process.java /home/weimer/src/infer-linux64-v0.13.0/infer/models/java/src/java/lang/ProcessManager.java /home/weimer/src/infer-linux64-v0.13.0/infer/models/java/src/java/lang/String.java /home/weimer/src/infer-linux64-v0.13.0/infer/models/java/src/java/lang/reflect/Array.java /home/weimer/src/infer-linux64-v0.13.0/infer/models/java/src/java/lang/System.java /home/weimer/src/infer-linux64-v0.13.0/infer/models/java/src/java/lang/Integer.java /home/weimer/src/infer-linux64-v0.13.0/infer/models/java/src/java/lang/Runtime.java /home/weimer/src/infer-linux64-v0.13.0/infer/models/java/src/java/lang/Object.java /home/weimer/src/infer-linux64-v0.13.0/infer/models/java/src/java/lang/NullPointerException.java /home/weimer/src/infer-linux64-v0.13.0/infer/models/java/src/java/lang/Class.java /home/weimer/src/infer-linux64-v0.13.0/infer/models/java/src/java/lang/Thread.java /home/weimer/src/infer-linux64-v0.13.0/infer/models/java/src/junit/framework/Assert.java /home/weimer/src/infer-linux64-v0.13.0/infer/models/java/src/dalvik/system/CloseGuard.java /home/weimer/src/infer-linux64-v0.13.0/infer/models/java/src/javax/net/ssl/HttpsURLConnection.java /home/weimer/src/infer-linux64-v0.13.0/infer/models/java/src/javax/net/ssl/SSLSocketFactory.java /home/weimer/src/infer-linux64-v0.13.0/infer/models/java/src/javax/crypto/CipherInputStream.java /home/weimer/src/infer-linux64-v0.13.0/infer/models/java/src/javax/crypto/CipherOutputStream.java
*** inner CWD: /home/weimer/src/infer-linux64-v0.13.0/infer/models/java

cd models; jar cf ../models.jar *
/usr/bin/install -c -m 644 -C models.jar /home/weimer/src/infer-linux64-v0.13.0/infer/lib/java/models.jar
make[2]: Leaving directory '/home/weimer/src/infer-linux64-v0.13.0/infer/models/java'
make[1]: Leaving directory '/home/weimer/src/infer-linux64-v0.13.0/infer/models'
