This file contains any messages produced by compilers while
running configure, to aid debugging if configure makes a mistake.

It was created by Infer configure 0.13.0, which was
generated by GNU Autoconf 2.69.  Invocation command line was

  $ configure 

## --------- ##
## Platform. ##
## --------- ##

hostname = dijkstra
uname -m = x86_64
uname -r = 4.4.0-34-generic
uname -s = Linux
uname -v = #53-Ubuntu SMP Wed Jul 27 16:06:39 UTC 2016

/usr/bin/uname -p = unknown
/bin/uname -X     = unknown

/bin/arch              = unknown
/usr/bin/arch -k       = unknown
/usr/convex/getsysinfo = unknown
/usr/bin/hostinfo      = unknown
/bin/machine           = unknown
/usr/bin/oslevel       = unknown
/bin/universe          = unknown

PATH: /home/weimer/.opam/4.05.0/bin
PATH: /home/weimer/src/ardupilot/Tools/autotest
PATH: /opt/gcc-arm-none-eabi-4_9-2015q3/bin
PATH: /home/weimer/bin
PATH: /usr/local/sbin
PATH: /usr/local/bin
PATH: /usr/sbin
PATH: /usr/bin
PATH: /sbin
PATH: /bin
PATH: /usr/games
PATH: /usr/local/games
PATH: /usr/share/java/mysql-connector-java.jar
PATH: /usr/share/java/mysql.jar
PATH: /snap/bin
PATH: /opt/dell/srvadmin/bin
PATH: /home/weimer/src/defects4j/framework/bin
PATH: /home/weimer/src/codesonar-4.5p1/codesonar/bin


## ----------- ##
## Core tests. ##
## ----------- ##

configure:2201: checking for .release
configure:2214: result: yes
configure:2226: checking for .facebook
configure:2239: result: no
configure:2311: checking whether to use the compilers in /home/weimer/src/infer-linux64-v0.13.0/facebook-clang-plugins/clang/install/bin
configure:2322: result: yes
configure:2373: checking for shasum
configure:2389: found /usr/bin/shasum
configure:2400: result: shasum
configure:2471: checking for cmake
configure:2501: result: no
configure:2586: checking for python2.7
configure:2602: found /usr/bin/python2.7
configure:2613: result: python2.7
configure:2684: checking for xcode-select
configure:2714: result: no
configure:2849: checking for C compiler version
configure:2858: /home/weimer/src/infer-linux64-v0.13.0/facebook-clang-plugins/clang/install/bin/clang --version >&5
clang version 5.0.0 
Target: x86_64-unknown-linux-gnu
Thread model: posix
InstalledDir: /home/weimer/src/infer-linux64-v0.13.0/facebook-clang-plugins/clang/install/bin

  Registered Targets:
    aarch64    - AArch64 (little endian)
    aarch64_be - AArch64 (big endian)
    amdgcn     - AMD GCN GPUs
    arm        - ARM
    arm64      - ARM64 (little endian)
    armeb      - ARM (big endian)
    bpf        - BPF (host endian)
    bpfeb      - BPF (big endian)
    bpfel      - BPF (little endian)
    hexagon    - Hexagon
    lanai      - Lanai
    mips       - Mips
    mips64     - Mips64 [experimental]
    mips64el   - Mips64el [experimental]
    mipsel     - Mipsel
    msp430     - MSP430 [experimental]
    nvptx      - NVIDIA PTX 32-bit
    nvptx64    - NVIDIA PTX 64-bit
    ppc32      - PowerPC 32
    ppc64      - PowerPC 64
    ppc64le    - PowerPC 64 LE
    r600       - AMD GPUs HD2XXX-HD6XXX
    riscv32    - 32-bit RISC-V
    riscv64    - 64-bit RISC-V
    sparc      - Sparc
    sparcel    - Sparc LE
    sparcv9    - Sparc V9
    systemz    - SystemZ
    thumb      - Thumb
    thumbeb    - Thumb (big endian)
    x86        - 32-bit X86: Pentium-Pro and above
    x86-64     - 64-bit X86: EM64T and AMD64
    xcore      - XCore
configure:2869: $? = 0
configure:2858: /home/weimer/src/infer-linux64-v0.13.0/facebook-clang-plugins/clang/install/bin/clang -v >&5
clang version 5.0.0 
Target: x86_64-unknown-linux-gnu
Thread model: posix
InstalledDir: /home/weimer/src/infer-linux64-v0.13.0/facebook-clang-plugins/clang/install/bin
Found candidate GCC installation: /usr/lib/gcc/i686-linux-gnu/4.8
Found candidate GCC installation: /usr/lib/gcc/i686-linux-gnu/4.8.5
Found candidate GCC installation: /usr/lib/gcc/i686-linux-gnu/4.9
Found candidate GCC installation: /usr/lib/gcc/i686-linux-gnu/4.9.3
Found candidate GCC installation: /usr/lib/gcc/i686-linux-gnu/5
Found candidate GCC installation: /usr/lib/gcc/i686-linux-gnu/5.4.0
... rest of stderr output deleted ...
configure:2869: $? = 0
configure:2858: /home/weimer/src/infer-linux64-v0.13.0/facebook-clang-plugins/clang/install/bin/clang -V >&5
clang-5.0: error: argument to '-V' is missing (expected 1 value)
configure:2869: $? = 1
configure:2858: /home/weimer/src/infer-linux64-v0.13.0/facebook-clang-plugins/clang/install/bin/clang -qversion >&5
clang-5.0: error: unknown argument: '-qversion'
configure:2869: $? = 1
configure:2889: checking whether the C compiler works
configure:2911: /home/weimer/src/infer-linux64-v0.13.0/facebook-clang-plugins/clang/install/bin/clang    conftest.c  >&5
configure:2915: $? = 0
configure:2963: result: yes
configure:2966: checking for C compiler default output file name
configure:2968: result: a.out
configure:2974: checking for suffix of executables
configure:2981: /home/weimer/src/infer-linux64-v0.13.0/facebook-clang-plugins/clang/install/bin/clang -o conftest    conftest.c  >&5
configure:2985: $? = 0
configure:3007: result: 
configure:3029: checking whether we are cross compiling
configure:3037: /home/weimer/src/infer-linux64-v0.13.0/facebook-clang-plugins/clang/install/bin/clang -o conftest    conftest.c  >&5
configure:3041: $? = 0
configure:3048: ./conftest
configure:3052: $? = 0
configure:3067: result: no
configure:3072: checking for suffix of object files
configure:3094: /home/weimer/src/infer-linux64-v0.13.0/facebook-clang-plugins/clang/install/bin/clang -c   conftest.c >&5
configure:3098: $? = 0
configure:3119: result: o
configure:3123: checking whether we are using the GNU C compiler
configure:3142: /home/weimer/src/infer-linux64-v0.13.0/facebook-clang-plugins/clang/install/bin/clang -c   conftest.c >&5
configure:3142: $? = 0
configure:3151: result: yes
configure:3160: checking whether /home/weimer/src/infer-linux64-v0.13.0/facebook-clang-plugins/clang/install/bin/clang accepts -g
configure:3180: /home/weimer/src/infer-linux64-v0.13.0/facebook-clang-plugins/clang/install/bin/clang -c -g  conftest.c >&5
configure:3180: $? = 0
configure:3221: result: yes
configure:3238: checking for /home/weimer/src/infer-linux64-v0.13.0/facebook-clang-plugins/clang/install/bin/clang option to accept ISO C89
configure:3301: /home/weimer/src/infer-linux64-v0.13.0/facebook-clang-plugins/clang/install/bin/clang  -c -g -O2  conftest.c >&5
configure:3301: $? = 0
configure:3314: result: none needed
configure:3338: checking for gawk
configure:3354: found /usr/bin/gawk
configure:3365: result: gawk
configure:3419: checking for a BSD-compatible install
configure:3487: result: /usr/bin/install -c
configure:3498: checking whether ln -s works
configure:3502: result: yes
configure:3509: checking whether make sets $(MAKE)
configure:3531: result: yes
configure:3540: checking for a thread-safe mkdir -p
configure:3579: result: /bin/mkdir -p
configure:3589: checking how to run the C preprocessor
configure:3620: /home/weimer/src/infer-linux64-v0.13.0/facebook-clang-plugins/clang/install/bin/clang -E  conftest.c
configure:3620: $? = 0
configure:3634: /home/weimer/src/infer-linux64-v0.13.0/facebook-clang-plugins/clang/install/bin/clang -E  conftest.c
conftest.c:9:10: fatal error: 'ac_nonexistent.h' file not found
#include <ac_nonexistent.h>
         ^~~~~~~~~~~~~~~~~~
1 error generated.
configure:3634: $? = 1
configure: failed program was:
| /* confdefs.h */
| #define PACKAGE_NAME "Infer"
| #define PACKAGE_TARNAME "infer"
| #define PACKAGE_VERSION "0.13.0"
| #define PACKAGE_STRING "Infer 0.13.0"
| #define PACKAGE_BUGREPORT "https://github.com/facebook/infer/issues/"
| #define PACKAGE_URL ""
| /* end confdefs.h.  */
| #include <ac_nonexistent.h>
configure:3659: result: /home/weimer/src/infer-linux64-v0.13.0/facebook-clang-plugins/clang/install/bin/clang -E
configure:3679: /home/weimer/src/infer-linux64-v0.13.0/facebook-clang-plugins/clang/install/bin/clang -E  conftest.c
configure:3679: $? = 0
configure:3693: /home/weimer/src/infer-linux64-v0.13.0/facebook-clang-plugins/clang/install/bin/clang -E  conftest.c
conftest.c:9:10: fatal error: 'ac_nonexistent.h' file not found
#include <ac_nonexistent.h>
         ^~~~~~~~~~~~~~~~~~
1 error generated.
configure:3693: $? = 1
configure: failed program was:
| /* confdefs.h */
| #define PACKAGE_NAME "Infer"
| #define PACKAGE_TARNAME "infer"
| #define PACKAGE_VERSION "0.13.0"
| #define PACKAGE_STRING "Infer 0.13.0"
| #define PACKAGE_BUGREPORT "https://github.com/facebook/infer/issues/"
| #define PACKAGE_URL ""
| /* end confdefs.h.  */
| #include <ac_nonexistent.h>
configure:3833: checking for C++ compiler version
configure:3842: /home/weimer/src/infer-linux64-v0.13.0/facebook-clang-plugins/clang/install/bin/clang++ --version >&5
clang version 5.0.0 
Target: x86_64-unknown-linux-gnu
Thread model: posix
InstalledDir: /home/weimer/src/infer-linux64-v0.13.0/facebook-clang-plugins/clang/install/bin

  Registered Targets:
    aarch64    - AArch64 (little endian)
    aarch64_be - AArch64 (big endian)
    amdgcn     - AMD GCN GPUs
    arm        - ARM
    arm64      - ARM64 (little endian)
    armeb      - ARM (big endian)
    bpf        - BPF (host endian)
    bpfeb      - BPF (big endian)
    bpfel      - BPF (little endian)
    hexagon    - Hexagon
    lanai      - Lanai
    mips       - Mips
    mips64     - Mips64 [experimental]
    mips64el   - Mips64el [experimental]
    mipsel     - Mipsel
    msp430     - MSP430 [experimental]
    nvptx      - NVIDIA PTX 32-bit
    nvptx64    - NVIDIA PTX 64-bit
    ppc32      - PowerPC 32
    ppc64      - PowerPC 64
    ppc64le    - PowerPC 64 LE
    r600       - AMD GPUs HD2XXX-HD6XXX
    riscv32    - 32-bit RISC-V
    riscv64    - 64-bit RISC-V
    sparc      - Sparc
    sparcel    - Sparc LE
    sparcv9    - Sparc V9
    systemz    - SystemZ
    thumb      - Thumb
    thumbeb    - Thumb (big endian)
    x86        - 32-bit X86: Pentium-Pro and above
    x86-64     - 64-bit X86: EM64T and AMD64
    xcore      - XCore
configure:3853: $? = 0
configure:3842: /home/weimer/src/infer-linux64-v0.13.0/facebook-clang-plugins/clang/install/bin/clang++ -v >&5
clang version 5.0.0 
Target: x86_64-unknown-linux-gnu
Thread model: posix
InstalledDir: /home/weimer/src/infer-linux64-v0.13.0/facebook-clang-plugins/clang/install/bin
Found candidate GCC installation: /usr/lib/gcc/i686-linux-gnu/4.8
Found candidate GCC installation: /usr/lib/gcc/i686-linux-gnu/4.8.5
Found candidate GCC installation: /usr/lib/gcc/i686-linux-gnu/4.9
Found candidate GCC installation: /usr/lib/gcc/i686-linux-gnu/4.9.3
Found candidate GCC installation: /usr/lib/gcc/i686-linux-gnu/5
Found candidate GCC installation: /usr/lib/gcc/i686-linux-gnu/5.4.0
... rest of stderr output deleted ...
configure:3853: $? = 0
configure:3842: /home/weimer/src/infer-linux64-v0.13.0/facebook-clang-plugins/clang/install/bin/clang++ -V >&5
clang-5.0: error: argument to '-V' is missing (expected 1 value)
configure:3853: $? = 1
configure:3842: /home/weimer/src/infer-linux64-v0.13.0/facebook-clang-plugins/clang/install/bin/clang++ -qversion >&5
clang-5.0: error: unknown argument: '-qversion'
configure:3853: $? = 1
configure:3857: checking whether we are using the GNU C++ compiler
configure:3876: /home/weimer/src/infer-linux64-v0.13.0/facebook-clang-plugins/clang/install/bin/clang++ -c   conftest.cpp >&5
configure:3876: $? = 0
configure:3885: result: yes
configure:3894: checking whether /home/weimer/src/infer-linux64-v0.13.0/facebook-clang-plugins/clang/install/bin/clang++ accepts -g
configure:3914: /home/weimer/src/infer-linux64-v0.13.0/facebook-clang-plugins/clang/install/bin/clang++ -c -g  conftest.cpp >&5
configure:3914: $? = 0
configure:3955: result: yes
configure:3986: checking if the C/C++ compiler is recent enough
configure:4003: /home/weimer/src/infer-linux64-v0.13.0/facebook-clang-plugins/clang/install/bin/clang -c -g -O2  conftest.c >&5
configure:4003: $? = 0
configure:4004: result: yes
configure:4027: checking for grep that handles long lines and -e
configure:4085: result: /bin/grep
configure:4090: checking for egrep
configure:4152: result: /bin/grep -E
configure:4157: checking for ANSI C header files
configure:4177: /home/weimer/src/infer-linux64-v0.13.0/facebook-clang-plugins/clang/install/bin/clang -c -g -O2  conftest.c >&5
configure:4177: $? = 0
configure:4250: /home/weimer/src/infer-linux64-v0.13.0/facebook-clang-plugins/clang/install/bin/clang -o conftest -g -O2   conftest.c  >&5
configure:4250: $? = 0
configure:4250: ./conftest
configure:4250: $? = 0
configure:4261: result: yes
configure:4274: checking for sys/types.h
configure:4274: /home/weimer/src/infer-linux64-v0.13.0/facebook-clang-plugins/clang/install/bin/clang -c -g -O2  conftest.c >&5
configure:4274: $? = 0
configure:4274: result: yes
configure:4274: checking for sys/stat.h
configure:4274: /home/weimer/src/infer-linux64-v0.13.0/facebook-clang-plugins/clang/install/bin/clang -c -g -O2  conftest.c >&5
configure:4274: $? = 0
configure:4274: result: yes
configure:4274: checking for stdlib.h
configure:4274: /home/weimer/src/infer-linux64-v0.13.0/facebook-clang-plugins/clang/install/bin/clang -c -g -O2  conftest.c >&5
configure:4274: $? = 0
configure:4274: result: yes
configure:4274: checking for string.h
configure:4274: /home/weimer/src/infer-linux64-v0.13.0/facebook-clang-plugins/clang/install/bin/clang -c -g -O2  conftest.c >&5
configure:4274: $? = 0
configure:4274: result: yes
configure:4274: checking for memory.h
configure:4274: /home/weimer/src/infer-linux64-v0.13.0/facebook-clang-plugins/clang/install/bin/clang -c -g -O2  conftest.c >&5
configure:4274: $? = 0
configure:4274: result: yes
configure:4274: checking for strings.h
configure:4274: /home/weimer/src/infer-linux64-v0.13.0/facebook-clang-plugins/clang/install/bin/clang -c -g -O2  conftest.c >&5
configure:4274: $? = 0
configure:4274: result: yes
configure:4274: checking for inttypes.h
configure:4274: /home/weimer/src/infer-linux64-v0.13.0/facebook-clang-plugins/clang/install/bin/clang -c -g -O2  conftest.c >&5
configure:4274: $? = 0
configure:4274: result: yes
configure:4274: checking for stdint.h
configure:4274: /home/weimer/src/infer-linux64-v0.13.0/facebook-clang-plugins/clang/install/bin/clang -c -g -O2  conftest.c >&5
configure:4274: $? = 0
configure:4274: result: yes
configure:4274: checking for unistd.h
configure:4274: /home/weimer/src/infer-linux64-v0.13.0/facebook-clang-plugins/clang/install/bin/clang -c -g -O2  conftest.c >&5
configure:4274: $? = 0
configure:4274: result: yes
configure:4289: checking fcntl.h usability
configure:4289: /home/weimer/src/infer-linux64-v0.13.0/facebook-clang-plugins/clang/install/bin/clang -c -g -O2  conftest.c >&5
configure:4289: $? = 0
configure:4289: result: yes
configure:4289: checking fcntl.h presence
configure:4289: /home/weimer/src/infer-linux64-v0.13.0/facebook-clang-plugins/clang/install/bin/clang -E  conftest.c
configure:4289: $? = 0
configure:4289: result: yes
configure:4289: checking for fcntl.h
configure:4289: result: yes
configure:4289: checking for inttypes.h
configure:4289: result: yes
configure:4289: checking limits.h usability
configure:4289: /home/weimer/src/infer-linux64-v0.13.0/facebook-clang-plugins/clang/install/bin/clang -c -g -O2  conftest.c >&5
configure:4289: $? = 0
configure:4289: result: yes
configure:4289: checking limits.h presence
configure:4289: /home/weimer/src/infer-linux64-v0.13.0/facebook-clang-plugins/clang/install/bin/clang -E  conftest.c
configure:4289: $? = 0
configure:4289: result: yes
configure:4289: checking for limits.h
configure:4289: result: yes
configure:4289: checking locale.h usability
configure:4289: /home/weimer/src/infer-linux64-v0.13.0/facebook-clang-plugins/clang/install/bin/clang -c -g -O2  conftest.c >&5
configure:4289: $? = 0
configure:4289: result: yes
configure:4289: checking locale.h presence
configure:4289: /home/weimer/src/infer-linux64-v0.13.0/facebook-clang-plugins/clang/install/bin/clang -E  conftest.c
configure:4289: $? = 0
configure:4289: result: yes
configure:4289: checking for locale.h
configure:4289: result: yes
configure:4289: checking malloc.h usability
configure:4289: /home/weimer/src/infer-linux64-v0.13.0/facebook-clang-plugins/clang/install/bin/clang -c -g -O2  conftest.c >&5
configure:4289: $? = 0
configure:4289: result: yes
configure:4289: checking malloc.h presence
configure:4289: /home/weimer/src/infer-linux64-v0.13.0/facebook-clang-plugins/clang/install/bin/clang -E  conftest.c
configure:4289: $? = 0
configure:4289: result: yes
configure:4289: checking for malloc.h
configure:4289: result: yes
configure:4289: checking stddef.h usability
configure:4289: /home/weimer/src/infer-linux64-v0.13.0/facebook-clang-plugins/clang/install/bin/clang -c -g -O2  conftest.c >&5
configure:4289: $? = 0
configure:4289: result: yes
configure:4289: checking stddef.h presence
configure:4289: /home/weimer/src/infer-linux64-v0.13.0/facebook-clang-plugins/clang/install/bin/clang -E  conftest.c
configure:4289: $? = 0
configure:4289: result: yes
configure:4289: checking for stddef.h
configure:4289: result: yes
configure:4289: checking for stdint.h
configure:4289: result: yes
configure:4289: checking for stdlib.h
configure:4289: result: yes
configure:4289: checking for string.h
configure:4289: result: yes
configure:4289: checking sys/mount.h usability
configure:4289: /home/weimer/src/infer-linux64-v0.13.0/facebook-clang-plugins/clang/install/bin/clang -c -g -O2  conftest.c >&5
configure:4289: $? = 0
configure:4289: result: yes
configure:4289: checking sys/mount.h presence
configure:4289: /home/weimer/src/infer-linux64-v0.13.0/facebook-clang-plugins/clang/install/bin/clang -E  conftest.c
configure:4289: $? = 0
configure:4289: result: yes
configure:4289: checking for sys/mount.h
configure:4289: result: yes
configure:4289: checking sys/param.h usability
configure:4289: /home/weimer/src/infer-linux64-v0.13.0/facebook-clang-plugins/clang/install/bin/clang -c -g -O2  conftest.c >&5
configure:4289: $? = 0
configure:4289: result: yes
configure:4289: checking sys/param.h presence
configure:4289: /home/weimer/src/infer-linux64-v0.13.0/facebook-clang-plugins/clang/install/bin/clang -E  conftest.c
configure:4289: $? = 0
configure:4289: result: yes
configure:4289: checking for sys/param.h
configure:4289: result: yes
configure:4289: checking sys/socket.h usability
configure:4289: /home/weimer/src/infer-linux64-v0.13.0/facebook-clang-plugins/clang/install/bin/clang -c -g -O2  conftest.c >&5
configure:4289: $? = 0
configure:4289: result: yes
configure:4289: checking sys/socket.h presence
configure:4289: /home/weimer/src/infer-linux64-v0.13.0/facebook-clang-plugins/clang/install/bin/clang -E  conftest.c
configure:4289: $? = 0
configure:4289: result: yes
configure:4289: checking for sys/socket.h
configure:4289: result: yes
configure:4289: checking sys/statfs.h usability
configure:4289: /home/weimer/src/infer-linux64-v0.13.0/facebook-clang-plugins/clang/install/bin/clang -c -g -O2  conftest.c >&5
configure:4289: $? = 0
configure:4289: result: yes
configure:4289: checking sys/statfs.h presence
configure:4289: /home/weimer/src/infer-linux64-v0.13.0/facebook-clang-plugins/clang/install/bin/clang -E  conftest.c
configure:4289: $? = 0
configure:4289: result: yes
configure:4289: checking for sys/statfs.h
configure:4289: result: yes
configure:4289: checking sys/time.h usability
configure:4289: /home/weimer/src/infer-linux64-v0.13.0/facebook-clang-plugins/clang/install/bin/clang -c -g -O2  conftest.c >&5
configure:4289: $? = 0
configure:4289: result: yes
configure:4289: checking sys/time.h presence
configure:4289: /home/weimer/src/infer-linux64-v0.13.0/facebook-clang-plugins/clang/install/bin/clang -E  conftest.c
configure:4289: $? = 0
configure:4289: result: yes
configure:4289: checking for sys/time.h
configure:4289: result: yes
configure:4289: checking for unistd.h
configure:4289: result: yes
configure:4289: checking wchar.h usability
configure:4289: /home/weimer/src/infer-linux64-v0.13.0/facebook-clang-plugins/clang/install/bin/clang -c -g -O2  conftest.c >&5
configure:4289: $? = 0
configure:4289: result: yes
configure:4289: checking wchar.h presence
configure:4289: /home/weimer/src/infer-linux64-v0.13.0/facebook-clang-plugins/clang/install/bin/clang -E  conftest.c
configure:4289: $? = 0
configure:4289: result: yes
configure:4289: checking for wchar.h
configure:4289: result: yes
configure:4289: checking wctype.h usability
configure:4289: /home/weimer/src/infer-linux64-v0.13.0/facebook-clang-plugins/clang/install/bin/clang -c -g -O2  conftest.c >&5
configure:4289: $? = 0
configure:4289: result: yes
configure:4289: checking wctype.h presence
configure:4289: /home/weimer/src/infer-linux64-v0.13.0/facebook-clang-plugins/clang/install/bin/clang -E  conftest.c
configure:4289: $? = 0
configure:4289: result: yes
configure:4289: checking for wctype.h
configure:4289: result: yes
configure:4351: checking for ocamlc
configure:4369: found /home/weimer/.opam/4.05.0/bin/ocamlc
configure:4381: result: /home/weimer/.opam/4.05.0/bin/ocamlc
configure:4406: result: OCaml version is 4.05.0
configure:4415: result: OCaml library path is /home/weimer/.opam/4.05.0/lib/ocaml
configure:4468: checking for ocamlopt
configure:4486: found /home/weimer/.opam/4.05.0/bin/ocamlopt
configure:4498: result: /home/weimer/.opam/4.05.0/bin/ocamlopt
configure:4584: checking for ocamlc.opt
configure:4602: found /home/weimer/.opam/4.05.0/bin/ocamlc.opt
configure:4614: result: /home/weimer/.opam/4.05.0/bin/ocamlc.opt
configure:4694: checking for ocamlopt.opt
configure:4712: found /home/weimer/.opam/4.05.0/bin/ocamlopt.opt
configure:4724: result: /home/weimer/.opam/4.05.0/bin/ocamlopt.opt
configure:4763: checking for dynlink.cmxa
configure:4767: result: yes
configure:4824: checking for ocaml
configure:4842: found /home/weimer/.opam/4.05.0/bin/ocaml
configure:4854: result: /home/weimer/.opam/4.05.0/bin/ocaml
configure:4924: checking for ocamldep
configure:4942: found /home/weimer/.opam/4.05.0/bin/ocamldep
configure:4954: result: /home/weimer/.opam/4.05.0/bin/ocamldep
configure:5024: checking for ocamlmktop
configure:5042: found /home/weimer/.opam/4.05.0/bin/ocamlmktop
configure:5054: result: /home/weimer/.opam/4.05.0/bin/ocamlmktop
configure:5124: checking for ocamlmklib
configure:5142: found /home/weimer/.opam/4.05.0/bin/ocamlmklib
configure:5154: result: /home/weimer/.opam/4.05.0/bin/ocamlmklib
configure:5224: checking for ocamldoc
configure:5242: found /home/weimer/.opam/4.05.0/bin/ocamldoc
configure:5254: result: /home/weimer/.opam/4.05.0/bin/ocamldoc
configure:5324: checking for ocamlbuild
configure:5342: found /home/weimer/.opam/4.05.0/bin/ocamlbuild
configure:5354: result: /home/weimer/.opam/4.05.0/bin/ocamlbuild
configure:5385: checking if OCaml version is >= 4.05.0
configure:5408: result: yes
configure:5469: checking for ocamlbuild
configure:5496: result: /home/weimer/.opam/4.05.0/bin/ocamlbuild
configure:5571: checking for ocamlfind
configure:5589: found /home/weimer/.opam/4.05.0/bin/ocamlfind
configure:5601: result: /home/weimer/.opam/4.05.0/bin/ocamlfind
configure:5672: checking for ocamllex
configure:5690: found /home/weimer/.opam/4.05.0/bin/ocamllex
configure:5702: result: /home/weimer/.opam/4.05.0/bin/ocamllex
configure:5771: checking for ocamllex.opt
configure:5789: found /home/weimer/.opam/4.05.0/bin/ocamllex.opt
configure:5801: result: /home/weimer/.opam/4.05.0/bin/ocamllex.opt
configure:5877: checking for menhir
configure:5893: found /home/weimer/.opam/4.05.0/bin/menhir
configure:5904: result: menhir
configure:5956: checking for OCaml findlib package atdgen
configure:5995: result: /home/weimer/.opam/4.05.0/lib/atdgen
configure:6070: checking for OCaml findlib package biniou
configure:6109: result: /home/weimer/.opam/4.05.0/lib/biniou
configure:6184: checking for OCaml findlib package camlzip
configure:6223: result: /home/weimer/.opam/4.05.0/lib/camlzip/../zip
configure:6298: checking for OCaml findlib package easy-format
configure:6337: result: /home/weimer/.opam/4.05.0/lib/easy-format
configure:6412: checking for OCaml findlib package oUnit version 2.0.0
configure:6451: result: /home/weimer/.opam/4.05.0/lib/oUnit
configure:6544: checking for utop
configure:6574: result: no
configure:6618: checking for OCaml findlib package yojson
configure:6657: result: /home/weimer/.opam/4.05.0/lib/yojson
configure:6754: checking for opam
configure:6770: found /usr/bin/opam
configure:6781: result: opam
configure:6805: checking current opam switch
configure:6808: result: 4.05.0
configure:6860: checking for java
configure:6876: found /usr/bin/java
configure:6887: result: java
configure:6952: checking for javac
configure:6968: found /usr/bin/javac
configure:6979: result: javac
configure:7036: checking for OCaml findlib package javalib version 2.3.3
configure:7075: result: /home/weimer/.opam/4.05.0/lib/javalib
configure:7150: checking for OCaml findlib package sawja version 1.5.2
configure:7189: result: /home/weimer/.opam/4.05.0/lib/sawja
configure:7264: checking for OCaml findlib package ptrees
configure:7303: result: /home/weimer/.opam/4.05.0/lib/ptrees
configure:7354: checking for JAVA_HOME
configure:7377: result: /usr/lib/jvm/java-8-openjdk-amd64/jre/..
configure:7381: checking for inflateEnd in -lz
configure:7406: /home/weimer/src/infer-linux64-v0.13.0/facebook-clang-plugins/clang/install/bin/clang -o conftest -g -O2   conftest.c -lz   >&5
configure:7406: $? = 0
configure:7415: result: yes
configure:7472: checking for atdgen
configure:7488: found /home/weimer/.opam/4.05.0/bin/atdgen
configure:7499: result: atdgen
configure:7539: checking which .buckversion to use
configure:7549: result: dotbuckversion
configure:7596: checking for getconf
configure:7612: found /usr/bin/getconf
configure:7623: result: getconf
configure:7645: checking the number of cpus the build host has
configure:7650: result: 16
configure:7705: checking for ant
configure:7721: found /usr/bin/ant
configure:7732: result: ant
configure:7797: checking for buck
configure:7827: result: no
configure:7892: checking for mvn
configure:7922: result: no
configure:7991: checking for ndk-build
configure:8021: result: no
configure:8045: checking for ndk-build
configure:8076: result: no
configure:8086: checking for Python module lxml
configure:8089: result: ok
configure:8144: checking for xcpretty
configure:8174: result: no
configure:8237: checking for brew
configure:8267: result: no
configure:8474: creating ./config.status

## ---------------------- ##
## Running config.status. ##
## ---------------------- ##

This file was extended by Infer config.status 0.13.0, which was
generated by GNU Autoconf 2.69.  Invocation command line was

  CONFIG_FILES    = 
  CONFIG_HEADERS  = 
  CONFIG_LINKS    = 
  CONFIG_COMMANDS = 
  $ ./config.status 

on dijkstra

config.status:811: creating Makefile.autoconf

## ---------------- ##
## Cache variables. ##
## ---------------- ##

ac_cv_c_compiler_gnu=yes
ac_cv_cxx_compiler_gnu=yes
ac_cv_env_CAML_LD_LIBRARY_PATH_set=set
ac_cv_env_CAML_LD_LIBRARY_PATH_value=/home/weimer/.opam/4.05.0/lib/stublibs
ac_cv_env_CCC_set=
ac_cv_env_CCC_value=
ac_cv_env_CC_set=
ac_cv_env_CC_value=
ac_cv_env_CFLAGS_set=
ac_cv_env_CFLAGS_value=
ac_cv_env_CLANG_INCLUDES_set=
ac_cv_env_CLANG_INCLUDES_value=
ac_cv_env_CLANG_PREFIX_set=
ac_cv_env_CLANG_PREFIX_value=
ac_cv_env_CPPFLAGS_set=
ac_cv_env_CPPFLAGS_value=
ac_cv_env_CPP_set=
ac_cv_env_CPP_value=
ac_cv_env_CXXFLAGS_set=
ac_cv_env_CXXFLAGS_value=
ac_cv_env_CXX_set=
ac_cv_env_CXX_value=
ac_cv_env_LDFLAGS_set=
ac_cv_env_LDFLAGS_value=
ac_cv_env_LIBS_set=
ac_cv_env_LIBS_value=
ac_cv_env_MVN_set=
ac_cv_env_MVN_value=
ac_cv_env_PATH_set=set
ac_cv_env_PATH_value=/home/weimer/.opam/4.05.0/bin:/home/weimer/src/ardupilot/Tools/autotest:/opt/gcc-arm-none-eabi-4_9-2015q3/bin:/home/weimer/bin:/usr/local/sbin:/usr/local/bin:/usr/sbin:/usr/bin:/sbin:/bin:/usr/games:/usr/local/games:/usr/share/java/mysql-connector-java.jar:/usr/share/java/mysql.jar:/snap/bin:/opt/dell/srvadmin/bin:/home/weimer/src/defects4j/framework/bin:/home/weimer/src/codesonar-4.5p1/codesonar/bin
ac_cv_env_build_alias_set=
ac_cv_env_build_alias_value=
ac_cv_env_host_alias_set=
ac_cv_env_host_alias_value=
ac_cv_env_target_alias_set=
ac_cv_env_target_alias_value=
ac_cv_file__facebook=no
ac_cv_file__release=yes
ac_cv_header_fcntl_h=yes
ac_cv_header_inttypes_h=yes
ac_cv_header_limits_h=yes
ac_cv_header_locale_h=yes
ac_cv_header_malloc_h=yes
ac_cv_header_memory_h=yes
ac_cv_header_stdc=yes
ac_cv_header_stddef_h=yes
ac_cv_header_stdint_h=yes
ac_cv_header_stdlib_h=yes
ac_cv_header_string_h=yes
ac_cv_header_strings_h=yes
ac_cv_header_sys_mount_h=yes
ac_cv_header_sys_param_h=yes
ac_cv_header_sys_socket_h=yes
ac_cv_header_sys_stat_h=yes
ac_cv_header_sys_statfs_h=yes
ac_cv_header_sys_time_h=yes
ac_cv_header_sys_types_h=yes
ac_cv_header_unistd_h=yes
ac_cv_header_wchar_h=yes
ac_cv_header_wctype_h=yes
ac_cv_lib_z_inflateEnd=yes
ac_cv_objext=o
ac_cv_path_EGREP='/bin/grep -E'
ac_cv_path_GREP=/bin/grep
ac_cv_path_NDKBUILD=no
ac_cv_path_ac_pt_OCAML=/home/weimer/.opam/4.05.0/bin/ocaml
ac_cv_path_ac_pt_OCAMLBUILD=/home/weimer/.opam/4.05.0/bin/ocamlbuild
ac_cv_path_ac_pt_OCAMLC=/home/weimer/.opam/4.05.0/bin/ocamlc
ac_cv_path_ac_pt_OCAMLCDOTOPT=/home/weimer/.opam/4.05.0/bin/ocamlc.opt
ac_cv_path_ac_pt_OCAMLDEP=/home/weimer/.opam/4.05.0/bin/ocamldep
ac_cv_path_ac_pt_OCAMLDOC=/home/weimer/.opam/4.05.0/bin/ocamldoc
ac_cv_path_ac_pt_OCAMLFIND=/home/weimer/.opam/4.05.0/bin/ocamlfind
ac_cv_path_ac_pt_OCAMLLEX=/home/weimer/.opam/4.05.0/bin/ocamllex
ac_cv_path_ac_pt_OCAMLLEXDOTOPT=/home/weimer/.opam/4.05.0/bin/ocamllex.opt
ac_cv_path_ac_pt_OCAMLMKLIB=/home/weimer/.opam/4.05.0/bin/ocamlmklib
ac_cv_path_ac_pt_OCAMLMKTOP=/home/weimer/.opam/4.05.0/bin/ocamlmktop
ac_cv_path_ac_pt_OCAMLOPT=/home/weimer/.opam/4.05.0/bin/ocamlopt
ac_cv_path_ac_pt_OCAMLOPTDOTOPT=/home/weimer/.opam/4.05.0/bin/ocamlopt.opt
ac_cv_path_install='/usr/bin/install -c'
ac_cv_path_mkdir=/bin/mkdir
ac_cv_prog_AWK=gawk
ac_cv_prog_CPP='/home/weimer/src/infer-linux64-v0.13.0/facebook-clang-plugins/clang/install/bin/clang -E'
ac_cv_prog_ac_ct_ANT=ant
ac_cv_prog_ac_ct_ATDGEN=atdgen
ac_cv_prog_ac_ct_GETCONF=getconf
ac_cv_prog_ac_ct_JAVA=java
ac_cv_prog_ac_ct_JAVAC=javac
ac_cv_prog_ac_ct_MENHIR=menhir
ac_cv_prog_ac_ct_OCAMLBUILD=/home/weimer/.opam/4.05.0/bin/ocamlbuild
ac_cv_prog_ac_ct_OPAM=opam
ac_cv_prog_ac_ct_PYTHON27=python2.7
ac_cv_prog_ac_ct_SHASUM=shasum
ac_cv_prog_cc_c89=
ac_cv_prog_cc_g=yes
ac_cv_prog_cxx_g=yes
ac_cv_prog_make_make_set=yes

## ----------------- ##
## Output variables. ##
## ----------------- ##

ANT='ant'
ATDGEN='atdgen'
AWK='gawk'
BREW='no'
BUCK='no'
BUILD_C_ANALYZERS='yes'
BUILD_JAVA_ANALYZERS='yes'
BUILD_PYTHON_ANALYZERS='yes'
CAML_LD_LIBRARY_PATH='/home/weimer/.opam/4.05.0/lib/stublibs'
CC='/home/weimer/src/infer-linux64-v0.13.0/facebook-clang-plugins/clang/install/bin/clang'
CFLAGS='-g -O2'
CLANG_INCLUDES='/home/weimer/src/infer-linux64-v0.13.0/facebook-clang-plugins/clang/install/include'
CLANG_PREFIX='/home/weimer/src/infer-linux64-v0.13.0/facebook-clang-plugins/clang/install'
CMAKE='no'
CPP='/home/weimer/src/infer-linux64-v0.13.0/facebook-clang-plugins/clang/install/bin/clang -E'
CPPFLAGS=''
CXX='/home/weimer/src/infer-linux64-v0.13.0/facebook-clang-plugins/clang/install/bin/clang++'
CXXFLAGS='-g -O2'
DEFS='-DPACKAGE_NAME=\"Infer\" -DPACKAGE_TARNAME=\"infer\" -DPACKAGE_VERSION=\"0.13.0\" -DPACKAGE_STRING=\"Infer\ 0.13.0\" -DPACKAGE_BUGREPORT=\"https://github.com/facebook/infer/issues/\" -DPACKAGE_URL=\"\" -DSTDC_HEADERS=1 -DHAVE_SYS_TYPES_H=1 -DHAVE_SYS_STAT_H=1 -DHAVE_STDLIB_H=1 -DHAVE_STRING_H=1 -DHAVE_MEMORY_H=1 -DHAVE_STRINGS_H=1 -DHAVE_INTTYPES_H=1 -DHAVE_STDINT_H=1 -DHAVE_UNISTD_H=1 -DHAVE_FCNTL_H=1 -DHAVE_INTTYPES_H=1 -DHAVE_LIMITS_H=1 -DHAVE_LOCALE_H=1 -DHAVE_MALLOC_H=1 -DHAVE_STDDEF_H=1 -DHAVE_STDINT_H=1 -DHAVE_STDLIB_H=1 -DHAVE_STRING_H=1 -DHAVE_SYS_MOUNT_H=1 -DHAVE_SYS_PARAM_H=1 -DHAVE_SYS_SOCKET_H=1 -DHAVE_SYS_STATFS_H=1 -DHAVE_SYS_TIME_H=1 -DHAVE_UNISTD_H=1 -DHAVE_WCHAR_H=1 -DHAVE_WCTYPE_H=1'
ECHO_C=''
ECHO_N='-n'
ECHO_T=''
EGREP='/bin/grep -E'
ENABLE_OCAMLOPT_CUSTOM_CC='no'
ENABLE_OCAML_BINANNOT='yes'
EXEEXT=''
GETCONF='getconf'
GREP='/bin/grep'
INFER_MAJOR='0'
INFER_MAN_LAST_MODIFIED='2017-10-18'
INFER_MINOR='13'
INFER_PATCH='0'
INSTALL_DATA='${INSTALL} -m 644'
INSTALL_PROGRAM='${INSTALL}'
INSTALL_SCRIPT='${INSTALL}'
IS_FACEBOOK_TREE='no'
IS_RELEASE_TREE='yes'
JAVA='java'
JAVAC='javac'
LDFLAGS=''
LIBOBJS=''
LIBS=''
LN_S='ln -s'
LTLIBOBJS=''
MENHIR='menhir'
MKDIR_P='/bin/mkdir -p'
MVN='no'
NCPU='16'
NDKBUILD='no'
OBJEXT='o'
OCAML='/home/weimer/.opam/4.05.0/bin/ocaml'
OCAMLBEST='opt'
OCAMLBUILD='/home/weimer/.opam/4.05.0/bin/ocamlbuild'
OCAMLC='/home/weimer/.opam/4.05.0/bin/ocamlc.opt'
OCAMLCDOTOPT='/home/weimer/.opam/4.05.0/bin/ocamlc.opt'
OCAMLDEP='/home/weimer/.opam/4.05.0/bin/ocamldep'
OCAMLDOC='/home/weimer/.opam/4.05.0/bin/ocamldoc'
OCAMLFIND='/home/weimer/.opam/4.05.0/bin/ocamlfind'
OCAMLLEX='/home/weimer/.opam/4.05.0/bin/ocamllex.opt'
OCAMLLEXDOTOPT='/home/weimer/.opam/4.05.0/bin/ocamllex.opt'
OCAMLLIB='/home/weimer/.opam/4.05.0/lib/ocaml'
OCAMLMKLIB='/home/weimer/.opam/4.05.0/bin/ocamlmklib'
OCAMLMKTOP='/home/weimer/.opam/4.05.0/bin/ocamlmktop'
OCAMLNATDYNLINK='yes'
OCAMLOPT='/home/weimer/.opam/4.05.0/bin/ocamlopt.opt'
OCAMLOPTDOTOPT='/home/weimer/.opam/4.05.0/bin/ocamlopt.opt'
OCAMLVERSION='4.05.0'
OCAML_PKG_PATH_atdgen='/home/weimer/.opam/4.05.0/lib/atdgen'
OCAML_PKG_PATH_biniou='/home/weimer/.opam/4.05.0/lib/biniou'
OCAML_PKG_PATH_camlzip='/home/weimer/.opam/4.05.0/lib/camlzip/../zip'
OCAML_PKG_PATH_easy_format='/home/weimer/.opam/4.05.0/lib/easy-format'
OCAML_PKG_PATH_javalib='/home/weimer/.opam/4.05.0/lib/javalib'
OCAML_PKG_PATH_oUnit='/home/weimer/.opam/4.05.0/lib/oUnit'
OCAML_PKG_PATH_ptrees='/home/weimer/.opam/4.05.0/lib/ptrees'
OCAML_PKG_PATH_sawja='/home/weimer/.opam/4.05.0/lib/sawja'
OCAML_PKG_PATH_yojson='/home/weimer/.opam/4.05.0/lib/yojson'
OCAML_PKG_atdgen='atdgen'
OCAML_PKG_biniou='biniou'
OCAML_PKG_camlzip='camlzip'
OCAML_PKG_easy_format='easy-format'
OCAML_PKG_javalib='javalib'
OCAML_PKG_oUnit='oUnit'
OCAML_PKG_ptrees='ptrees'
OCAML_PKG_sawja='sawja'
OCAML_PKG_yojson='yojson'
OPAM='opam'
OPAMSWITCH='4.05.0'
PACKAGE_BUGREPORT='https://github.com/facebook/infer/issues/'
PACKAGE_NAME='Infer'
PACKAGE_STRING='Infer 0.13.0'
PACKAGE_TARNAME='infer'
PACKAGE_URL=''
PACKAGE_VERSION='0.13.0'
PATH='/home/weimer/.opam/4.05.0/bin:/home/weimer/src/ardupilot/Tools/autotest:/opt/gcc-arm-none-eabi-4_9-2015q3/bin:/home/weimer/bin:/usr/local/sbin:/usr/local/bin:/usr/sbin:/usr/bin:/sbin:/bin:/usr/games:/usr/local/games:/usr/share/java/mysql-connector-java.jar:/usr/share/java/mysql.jar:/snap/bin:/opt/dell/srvadmin/bin:/home/weimer/src/defects4j/framework/bin:/home/weimer/src/codesonar-4.5p1/codesonar/bin'
PATH_SEPARATOR=':'
PYTHON27='python2.7'
PYTHON_lxml='yes'
SET_MAKE=''
SHASUM='shasum'
SHELL='/bin/bash'
USER_JAVA_HOME='/usr/lib/jvm/java-8-openjdk-amd64/jre/..'
UTOP='no'
XCODE_SELECT='no'
XCPRETTY='no'
ac_ct_CC=''
ac_ct_CXX=''
bindir='${exec_prefix}/bin'
build_alias=''
datadir='${datarootdir}'
datarootdir='${prefix}/share'
docdir='${datarootdir}/doc/${PACKAGE_TARNAME}'
dvidir='${docdir}'
exec_prefix='${prefix}'
host_alias=''
htmldir='${docdir}'
includedir='${prefix}/include'
infodir='${datarootdir}/info'
libdir='${exec_prefix}/lib'
libexecdir='${exec_prefix}/libexec'
localedir='${datarootdir}/locale'
localstatedir='${prefix}/var'
mandir='${datarootdir}/man'
oldincludedir='/usr/include'
pdfdir='${docdir}'
prefix='/usr/local'
program_transform_name='s,x,x,'
psdir='${docdir}'
sbindir='${exec_prefix}/sbin'
sharedstatedir='${prefix}/com'
sysconfdir='${prefix}/etc'
target_alias=''

## ----------- ##
## confdefs.h. ##
## ----------- ##

/* confdefs.h */
#define PACKAGE_NAME "Infer"
#define PACKAGE_TARNAME "infer"
#define PACKAGE_VERSION "0.13.0"
#define PACKAGE_STRING "Infer 0.13.0"
#define PACKAGE_BUGREPORT "https://github.com/facebook/infer/issues/"
#define PACKAGE_URL ""
#define STDC_HEADERS 1
#define HAVE_SYS_TYPES_H 1
#define HAVE_SYS_STAT_H 1
#define HAVE_STDLIB_H 1
#define HAVE_STRING_H 1
#define HAVE_MEMORY_H 1
#define HAVE_STRINGS_H 1
#define HAVE_INTTYPES_H 1
#define HAVE_STDINT_H 1
#define HAVE_UNISTD_H 1
#define HAVE_FCNTL_H 1
#define HAVE_INTTYPES_H 1
#define HAVE_LIMITS_H 1
#define HAVE_LOCALE_H 1
#define HAVE_MALLOC_H 1
#define HAVE_STDDEF_H 1
#define HAVE_STDINT_H 1
#define HAVE_STDLIB_H 1
#define HAVE_STRING_H 1
#define HAVE_SYS_MOUNT_H 1
#define HAVE_SYS_PARAM_H 1
#define HAVE_SYS_SOCKET_H 1
#define HAVE_SYS_STATFS_H 1
#define HAVE_SYS_TIME_H 1
#define HAVE_UNISTD_H 1
#define HAVE_WCHAR_H 1
#define HAVE_WCTYPE_H 1

configure: exit 0
